2026-06-06 15:21:58 [INFO] modules.industry_research: Industry research: Retail & споживча поведінка — Україна
2026-06-06 15:22:19 [INFO] modules.industry_research:   0 results (max_stage=4)
2026-06-06 15:22:19 [INFO] modules.industry_research: Industry research: Комерційна нерухомість — Україна
2026-06-06 15:22:39 [INFO] modules.industry_research:   0 results (max_stage=4)
2026-06-06 15:22:39 [INFO] modules.industry_research: Industry research: Галузеві прогнози & CEE — Україна
2026-06-06 15:23:00 [INFO] modules.industry_research:   0 results (max_stage=4)
2026-06-06 15:23:00 [INFO] modules.industry_research: Industry research: Retail & споживча поведінка — Румунія
2026-06-06 15:23:20 [INFO] modules.industry_research:   0 results (max_stage=4)
2026-06-06 15:23:20 [INFO] modules.industry_research: Industry research: Комерційна нерухомість — Румунія
2026-06-06 15:23:41 [INFO] modules.industry_research:   0 results (max_stage=4)
2026-06-06 15:23:41 [INFO] modules.industry_research: Industry research: Галузеві прогнози & CEE — Румунія
2026-06-06 15:24:01 [INFO] modules.industry_research:   0 results (max_stage=4)
2026-06-06 17:25:54 [INFO] modules.industry_research: Industry research: Retail & споживча поведінка — Україна
2026-06-06 17:26:07 [INFO] modules.industry_research: Industry research: Retail & споживча поведінка — Україна
2026-06-06 17:26:15 [INFO] modules.industry_research:   0 results (max_stage=4)
2026-06-06 17:26:15 [INFO] modules.industry_research: Industry research: Комерційна нерухомість — Україна
2026-06-06 17:26:27 [INFO] modules.industry_research:   0 results (max_stage=4)
2026-06-06 17:26:27 [INFO] modules.industry_research: Industry research: Комерційна нерухомість — Україна
2026-06-06 17:26:35 [INFO] modules.industry_research:   0 results (max_stage=4)
2026-06-06 17:26:35 [INFO] modules.industry_research: Industry research: Галузеві прогнози & CEE — Україна
2026-06-06 17:26:48 [INFO] modules.industry_research:   0 results (max_stage=4)
2026-06-06 17:26:48 [INFO] modules.industry_research: Industry research: Галузеві прогнози & CEE — Україна
2026-06-06 17:26:56 [INFO] modules.industry_research:   0 results (max_stage=4)
2026-06-06 17:26:56 [INFO] modules.industry_research: Industry research: Retail & споживча поведінка — Румунія
2026-06-06 17:27:09 [INFO] modules.industry_research:   0 results (max_stage=4)
2026-06-06 17:27:09 [INFO] modules.industry_research: Industry research: Retail & споживча поведінка — Румунія
2026-06-06 17:27:16 [INFO] modules.industry_research:   0 results (max_stage=4)
2026-06-06 17:27:16 [INFO] modules.industry_research: Industry research: Комерційна нерухомість — Румунія
2026-06-06 17:27:29 [INFO] modules.industry_research:   0 results (max_stage=4)
2026-06-06 17:27:29 [INFO] modules.industry_research: Industry research: Комерційна нерухомість — Румунія
2026-06-06 17:27:37 [INFO] modules.industry_research:   0 results (max_stage=4)
2026-06-06 17:27:37 [INFO] modules.industry_research: Industry research: Галузеві прогнози & CEE — Румунія
2026-06-06 17:27:50 [INFO] modules.industry_research:   0 results (max_stage=4)
2026-06-06 17:27:50 [INFO] modules.industry_research: Industry research: Галузеві прогнози & CEE — Румунія
2026-06-06 17:27:58 [INFO] modules.industry_research:   0 results (max_stage=4)
2026-06-06 17:28:11 [INFO] modules.industry_research:   0 results (max_stage=4)
2026-06-06 18:16:37 [INFO] modules.industry_research: Industry research: Retail & споживча поведінка — Україна
2026-06-06 18:16:57 [INFO] modules.industry_research:   0 results (max_stage=4)
2026-06-06 18:16:57 [INFO] modules.industry_research: Industry research: Комерційна нерухомість — Україна
2026-06-06 18:17:18 [INFO] modules.industry_research:   0 results (max_stage=4)
2026-06-06 18:17:18 [INFO] modules.industry_research: Industry research: Галузеві прогнози & CEE — Україна
2026-06-06 18:17:39 [INFO] modules.industry_research:   0 results (max_stage=4)
2026-06-06 18:17:39 [INFO] modules.industry_research: Industry research: Retail & споживча поведінка — Румунія
2026-06-06 18:17:59 [INFO] modules.industry_research:   0 results (max_stage=4)
2026-06-06 18:17:59 [INFO] modules.industry_research: Industry research: Комерційна нерухомість — Румунія
2026-06-06 18:18:20 [INFO] modules.industry_research:   0 results (max_stage=4)
2026-06-06 18:18:20 [INFO] modules.industry_research: Industry research: Галузеві прогнози & CEE — Румунія
2026-06-06 18:18:40 [INFO] modules.industry_research:   0 results (max_stage=4)
2026-06-06 18:18:58 [INFO] modules.industry_research: Industry research: Retail & споживча поведінка — Україна
2026-06-06 18:19:19 [INFO] modules.industry_research:   0 results (max_stage=4)
2026-06-06 18:19:19 [INFO] modules.industry_research: Industry research: Комерційна нерухомість — Україна
2026-06-06 18:19:39 [INFO] modules.industry_research:   0 results (max_stage=4)
2026-06-06 18:19:39 [INFO] modules.industry_research: Industry research: Галузеві прогнози & CEE — Україна
2026-06-06 18:20:00 [INFO] modules.industry_research:   0 results (max_stage=4)
2026-06-06 18:20:00 [INFO] modules.industry_research: Industry research: Retail & споживча поведінка — Румунія
2026-06-06 18:20:21 [INFO] modules.industry_research:   0 results (max_stage=4)
2026-06-06 18:20:21 [INFO] modules.industry_research: Industry research: Комерційна нерухомість — Румунія
2026-06-06 18:20:41 [INFO] modules.industry_research:   0 results (max_stage=4)
2026-06-06 18:20:41 [INFO] modules.industry_research: Industry research: Галузеві прогнози & CEE — Румунія
2026-06-06 18:21:02 [INFO] modules.industry_research:   0 results (max_stage=4)
2026-06-06 18:36:30 [INFO] modules.industry_research: Industry research: Retail & споживча поведінка — Україна
2026-06-06 18:36:50 [INFO] modules.industry_research:   0 results (max_stage=4)
2026-06-06 18:36:50 [INFO] modules.industry_research: Industry research: Комерційна нерухомість — Україна
2026-06-06 18:37:11 [INFO] modules.industry_research:   0 results (max_stage=4)
2026-06-06 18:37:11 [INFO] modules.industry_research: Industry research: Галузеві прогнози & CEE — Україна
2026-06-06 18:37:32 [INFO] modules.industry_research:   0 results (max_stage=4)
2026-06-06 18:37:32 [INFO] modules.industry_research: Industry research: Retail & споживча поведінка — Румунія
2026-06-06 18:37:53 [INFO] modules.industry_research:   0 results (max_stage=4)
2026-06-06 18:37:53 [INFO] modules.industry_research: Industry research: Комерційна нерухомість — Румунія
2026-06-06 18:38:13 [INFO] modules.industry_research:   0 results (max_stage=4)
2026-06-06 18:38:13 [INFO] modules.industry_research: Industry research: Галузеві прогнози & CEE — Румунія
2026-06-06 18:38:34 [INFO] modules.industry_research:   0 results (max_stage=4)
2026-06-06 18:47:02 [INFO] modules.industry_research: Industry research: Retail & споживча поведінка — Україна
2026-06-06 18:47:23 [INFO] modules.industry_research:   0 results (max_stage=4)
2026-06-06 18:47:23 [INFO] modules.industry_research: Industry research: Комерційна нерухомість — Україна
2026-06-06 18:47:44 [INFO] modules.industry_research:   0 results (max_stage=4)
2026-06-06 18:47:44 [INFO] modules.industry_research: Industry research: Галузеві прогнози & CEE — Україна
2026-06-06 18:48:04 [INFO] modules.industry_research:   0 results (max_stage=4)
2026-06-06 18:48:04 [INFO] modules.industry_research: Industry research: Retail & споживча поведінка — Румунія
2026-06-06 18:48:25 [INFO] modules.industry_research:   0 results (max_stage=4)
2026-06-06 18:48:25 [INFO] modules.industry_research: Industry research: Комерційна нерухомість — Румунія
2026-06-06 18:48:46 [INFO] modules.industry_research:   0 results (max_stage=4)
2026-06-06 18:48:46 [INFO] modules.industry_research: Industry research: Галузеві прогнози & CEE — Румунія
2026-06-06 18:49:06 [INFO] modules.industry_research:   0 results (max_stage=4)
2026-06-06 19:03:26 [INFO] modules.industry_research: Industry research: Retail & споживча поведінка — Україна
2026-06-06 19:03:46 [INFO] modules.industry_research:   0 results (max_stage=4)
2026-06-06 19:03:46 [INFO] modules.industry_research: Industry research: Комерційна нерухомість — Україна
2026-06-06 19:04:07 [INFO] modules.industry_research:   0 results (max_stage=4)
2026-06-06 19:04:07 [INFO] modules.industry_research: Industry research: Галузеві прогнози & CEE — Україна
2026-06-06 19:04:27 [INFO] modules.industry_research:   0 results (max_stage=4)
2026-06-06 19:04:27 [INFO] modules.industry_research: Industry research: Retail & споживча поведінка — Румунія
2026-06-06 19:04:48 [INFO] modules.industry_research:   0 results (max_stage=4)
2026-06-06 19:04:48 [INFO] modules.industry_research: Industry research: Комерційна нерухомість — Румунія
2026-06-06 19:05:08 [INFO] modules.industry_research:   0 results (max_stage=4)
2026-06-06 19:05:08 [INFO] modules.industry_research: Industry research: Галузеві прогнози & CEE — Румунія
2026-06-06 19:05:29 [INFO] modules.industry_research:   0 results (max_stage=4)
2026-06-06 19:06:54 [INFO] modules.industry_research: Industry research: Retail & споживча поведінка — Україна
2026-06-06 19:07:15 [INFO] modules.industry_research:   0 results (max_stage=4)
2026-06-06 19:07:15 [INFO] modules.industry_research: Industry research: Комерційна нерухомість — Україна
2026-06-06 19:07:35 [INFO] modules.industry_research:   0 results (max_stage=4)
2026-06-06 19:07:35 [INFO] modules.industry_research: Industry research: Галузеві прогнози & CEE — Україна
2026-06-06 19:07:56 [INFO] modules.industry_research:   0 results (max_stage=4)
2026-06-06 19:07:56 [INFO] modules.industry_research: Industry research: Retail & споживча поведінка — Румунія
2026-06-06 19:08:17 [INFO] modules.industry_research:   0 results (max_stage=4)
2026-06-06 19:08:17 [INFO] modules.industry_research: Industry research: Комерційна нерухомість — Румунія
2026-06-06 19:08:37 [INFO] modules.industry_research:   0 results (max_stage=4)
2026-06-06 19:08:37 [INFO] modules.industry_research: Industry research: Галузеві прогнози & CEE — Румунія
2026-06-06 19:08:57 [INFO] modules.industry_research:   0 results (max_stage=4)
2026-06-07 00:45:19 [INFO] modules.industry_research: Industry research: Retail & споживча поведінка — Україна
2026-06-07 00:45:39 [INFO] modules.industry_research:   0 results (max_stage=4)
2026-06-07 00:45:39 [INFO] modules.industry_research: Industry research: Комерційна нерухомість — Україна
2026-06-07 00:46:00 [INFO] modules.industry_research:   0 results (max_stage=4)
2026-06-07 00:46:00 [INFO] modules.industry_research: Industry research: Галузеві прогнози & CEE — Україна
2026-06-07 00:46:21 [INFO] modules.industry_research:   0 results (max_stage=4)
2026-06-07 00:46:21 [INFO] modules.industry_research: Industry research: Retail & споживча поведінка — Румунія
2026-06-07 00:46:39 [INFO] modules.industry_research: Industry research: Retail & споживча поведінка — Україна
2026-06-07 00:46:42 [INFO] modules.industry_research:   0 results (max_stage=4)
2026-06-07 00:46:42 [INFO] modules.industry_research: Industry research: Комерційна нерухомість — Румунія
2026-06-07 00:47:00 [INFO] modules.industry_research:   0 results (max_stage=4)
2026-06-07 00:47:00 [INFO] modules.industry_research: Industry research: Комерційна нерухомість — Україна
2026-06-07 00:47:02 [INFO] modules.industry_research:   0 results (max_stage=4)
2026-06-07 00:47:02 [INFO] modules.industry_research: Industry research: Галузеві прогнози & CEE — Румунія
2026-06-07 00:47:21 [INFO] modules.industry_research:   0 results (max_stage=4)
2026-06-07 00:47:21 [INFO] modules.industry_research: Industry research: Галузеві прогнози & CEE — Україна
2026-06-07 00:47:23 [INFO] modules.industry_research:   0 results (max_stage=4)
2026-06-07 00:47:41 [INFO] modules.industry_research:   0 results (max_stage=4)
2026-06-07 00:47:41 [INFO] modules.industry_research: Industry research: Retail & споживча поведінка — Румунія
2026-06-07 00:48:02 [INFO] modules.industry_research:   0 results (max_stage=4)
2026-06-07 00:48:02 [INFO] modules.industry_research: Industry research: Комерційна нерухомість — Румунія
2026-06-07 00:48:23 [INFO] modules.industry_research:   0 results (max_stage=4)
2026-06-07 00:48:23 [INFO] modules.industry_research: Industry research: Галузеві прогнози & CEE — Румунія
2026-06-07 00:48:43 [INFO] modules.industry_research:   0 results (max_stage=4)
2026-06-07 13:37:53 [INFO] modules.industry_research: Industry research: Retail & споживча поведінка — Україна
2026-06-07 13:38:14 [INFO] modules.industry_research:   0 results (max_stage=4)
2026-06-07 13:38:14 [INFO] modules.industry_research: Industry research: Комерційна нерухомість — Україна
2026-06-07 13:38:35 [INFO] modules.industry_research:   0 results (max_stage=4)
2026-06-07 13:38:35 [INFO] modules.industry_research: Industry research: Галузеві прогнози & CEE — Україна
2026-06-07 13:38:55 [INFO] modules.industry_research:   0 results (max_stage=4)
2026-06-07 13:38:55 [INFO] modules.industry_research: Industry research: Retail & споживча поведінка — Румунія
2026-06-07 13:39:16 [INFO] modules.industry_research:   0 results (max_stage=4)
2026-06-07 13:39:16 [INFO] modules.industry_research: Industry research: Комерційна нерухомість — Румунія
2026-06-07 13:39:36 [INFO] modules.industry_research:   0 results (max_stage=4)
2026-06-07 13:39:36 [INFO] modules.industry_research: Industry research: Галузеві прогнози & CEE — Румунія
2026-06-07 13:39:57 [INFO] modules.industry_research:   0 results (max_stage=4)
2026-06-07 13:42:38 [INFO] modules.industry_research: Industry research: Retail & споживча поведінка — Україна
2026-06-07 13:42:59 [INFO] modules.industry_research:   0 results (max_stage=4)
2026-06-07 13:42:59 [INFO] modules.industry_research: Industry research: Комерційна нерухомість — Україна
2026-06-07 13:43:19 [INFO] modules.industry_research:   0 results (max_stage=4)
2026-06-07 13:43:19 [INFO] modules.industry_research: Industry research: Галузеві прогнози & CEE — Україна
2026-06-07 13:43:40 [INFO] modules.industry_research:   0 results (max_stage=4)
2026-06-07 13:43:40 [INFO] modules.industry_research: Industry research: Retail & споживча поведінка — Румунія
2026-06-07 13:44:01 [INFO] modules.industry_research:   0 results (max_stage=4)
2026-06-07 13:44:01 [INFO] modules.industry_research: Industry research: Комерційна нерухомість — Румунія
2026-06-07 13:44:22 [INFO] modules.industry_research:   0 results (max_stage=4)
2026-06-07 13:44:22 [INFO] modules.industry_research: Industry research: Галузеві прогнози & CEE — Румунія
2026-06-07 13:44:42 [INFO] modules.industry_research:   0 results (max_stage=4)
2026-06-07 14:11:06 [INFO] modules.industry_research: Industry research: Retail & споживча поведінка — Україна
2026-06-07 14:11:27 [INFO] modules.industry_research:   0 results (max_stage=4)
2026-06-07 14:11:27 [INFO] modules.industry_research: Industry research: Комерційна нерухомість — Україна
2026-06-07 14:11:38 [INFO] modules.industry_research: Industry research: Retail & споживча поведінка — Україна
2026-06-07 14:11:47 [INFO] modules.industry_research:   0 results (max_stage=4)
2026-06-07 14:11:47 [INFO] modules.industry_research: Industry research: Галузеві прогнози & CEE — Україна
2026-06-07 14:11:58 [INFO] modules.industry_research:   0 results (max_stage=4)
2026-06-07 14:11:58 [INFO] modules.industry_research: Industry research: Комерційна нерухомість — Україна
2026-06-07 14:12:08 [INFO] modules.industry_research:   0 results (max_stage=4)
2026-06-07 14:12:08 [INFO] modules.industry_research: Industry research: Retail & споживча поведінка — Румунія
2026-06-07 14:12:19 [INFO] modules.industry_research:   0 results (max_stage=4)
2026-06-07 14:12:19 [INFO] modules.industry_research: Industry research: Галузеві прогнози & CEE — Україна
2026-06-07 14:12:29 [INFO] modules.industry_research:   0 results (max_stage=4)
2026-06-07 14:12:29 [INFO] modules.industry_research: Industry research: Комерційна нерухомість — Румунія
2026-06-07 14:12:40 [INFO] modules.industry_research:   0 results (max_stage=4)
2026-06-07 14:12:40 [INFO] modules.industry_research: Industry research: Retail & споживча поведінка — Румунія
2026-06-07 14:12:49 [INFO] modules.industry_research:   0 results (max_stage=4)
2026-06-07 14:12:49 [INFO] modules.industry_research: Industry research: Галузеві прогнози & CEE — Румунія
2026-06-07 14:13:00 [INFO] modules.industry_research:   0 results (max_stage=4)
2026-06-07 14:13:00 [INFO] modules.industry_research: Industry research: Комерційна нерухомість — Румунія
2026-06-07 14:13:10 [INFO] modules.industry_research:   0 results (max_stage=4)
2026-06-07 14:13:21 [INFO] modules.industry_research:   0 results (max_stage=4)
2026-06-07 14:13:21 [INFO] modules.industry_research: Industry research: Галузеві прогнози & CEE — Румунія
2026-06-07 14:13:41 [INFO] modules.industry_research:   0 results (max_stage=4)
2026-06-07 14:16:20 [INFO] modules.industry_research: Industry research: Retail & споживча поведінка — Україна
2026-06-07 14:16:59 [INFO] modules.industry_research:   2 results (max_stage=3)
2026-06-07 14:17:04 [INFO] modules.industry_research: Industry research: Комерційна нерухомість — Україна
2026-06-07 14:17:45 [INFO] modules.industry_research:   4 results (max_stage=3)
2026-06-07 14:17:51 [INFO] modules.industry_research: Industry research: Галузеві прогнози & CEE — Україна
2026-06-07 14:18:31 [INFO] modules.industry_research:   1 results (max_stage=3)
2026-06-07 14:18:35 [INFO] modules.industry_research: Industry research: Retail & споживча поведінка — Румунія
2026-06-07 14:19:55 [INFO] modules.industry_research:   5 results (max_stage=3)
2026-06-07 14:21:26 [ERROR] modules.industry_research: AI summary 'Retail & споживча поведінка — Румунія': Connection error.
2026-06-07 14:21:26 [INFO] modules.industry_research: Industry research: Комерційна нерухомість — Румунія
2026-06-07 14:23:13 [INFO] modules.industry_research:   5 results (max_stage=3)
2026-06-07 14:23:19 [INFO] modules.industry_research: Industry research: Галузеві прогнози & CEE — Румунія
2026-06-07 14:23:59 [INFO] modules.industry_research:   3 results (max_stage=3)
2026-06-07 14:50:07 [INFO] modules.industry_research: Industry research: Retail & споживча поведінка — Україна
2026-06-07 14:50:08 [INFO] modules.industry_research: Industry research: Retail & споживча поведінка — Україна
2026-06-07 14:50:44 [INFO] modules.industry_research:   0 results after dedup+validation (max_stage=4)
2026-06-07 14:50:44 [INFO] modules.industry_research: Industry research: Комерційна нерухомість — Україна
2026-06-07 14:50:44 [INFO] modules.industry_research:   0 results after dedup+validation (max_stage=4)
2026-06-07 14:50:44 [INFO] modules.industry_research: Industry research: Комерційна нерухомість — Україна
2026-06-07 14:51:25 [INFO] modules.industry_research:   0 results after dedup+validation (max_stage=4)
2026-06-07 14:51:25 [INFO] modules.industry_research: Industry research: Галузеві прогнози & CEE — Україна
2026-06-07 14:51:26 [INFO] modules.industry_research:   0 results after dedup+validation (max_stage=4)
2026-06-07 14:51:26 [INFO] modules.industry_research: Industry research: Галузеві прогнози & CEE — Україна
2026-06-07 14:52:05 [INFO] modules.industry_research:   0 results after dedup+validation (max_stage=4)
2026-06-07 14:52:05 [INFO] modules.industry_research: Industry research: Retail & споживча поведінка — Румунія
2026-06-07 14:52:05 [INFO] modules.industry_research:   0 results after dedup+validation (max_stage=4)
2026-06-07 14:52:05 [INFO] modules.industry_research: Industry research: Retail & споживча поведінка — Румунія
2026-06-07 14:52:41 [INFO] modules.industry_research:   0 results after dedup+validation (max_stage=4)
2026-06-07 14:52:41 [INFO] modules.industry_research: Industry research: Комерційна нерухомість — Румунія
2026-06-07 14:52:41 [INFO] modules.industry_research:   0 results after dedup+validation (max_stage=4)
2026-06-07 14:52:41 [INFO] modules.industry_research: Industry research: Комерційна нерухомість — Румунія
2026-06-07 14:53:20 [INFO] modules.industry_research:   0 results after dedup+validation (max_stage=4)
2026-06-07 14:53:20 [INFO] modules.industry_research: Industry research: Галузеві прогнози & CEE — Румунія
2026-06-07 14:53:21 [INFO] modules.industry_research:   0 results after dedup+validation (max_stage=4)
2026-06-07 14:53:21 [INFO] modules.industry_research: Industry research: Галузеві прогнози & CEE — Румунія
2026-06-07 14:53:44 [INFO] modules.industry_research:   0 results after dedup+validation (max_stage=4)
2026-06-07 14:53:45 [INFO] modules.industry_research:   0 results after dedup+validation (max_stage=4)
2026-06-07 15:30:04 [INFO] modules.industry_research: Industry research: Retail & споживча поведінка — Україна
2026-06-07 15:30:24 [INFO] modules.industry_research:   0 results after dedup+validation (max_stage=4)
2026-06-07 15:30:24 [INFO] modules.industry_research: Industry research: Комерційна нерухомість — Україна
2026-06-07 15:30:45 [INFO] modules.industry_research:   0 results after dedup+validation (max_stage=4)
2026-06-07 15:30:45 [INFO] modules.industry_research: Industry research: Галузеві прогнози & CEE — Україна
2026-06-07 15:31:05 [INFO] modules.industry_research:   0 results after dedup+validation (max_stage=4)
2026-06-07 15:31:05 [INFO] modules.industry_research: Industry research: Retail & споживча поведінка — Румунія
2026-06-07 15:31:26 [INFO] modules.industry_research:   0 results after dedup+validation (max_stage=4)
2026-06-07 15:31:26 [INFO] modules.industry_research: Industry research: Комерційна нерухомість — Румунія
2026-06-07 15:31:47 [INFO] modules.industry_research:   0 results after dedup+validation (max_stage=4)
2026-06-07 15:31:47 [INFO] modules.industry_research: Industry research: Галузеві прогнози & CEE — Румунія
2026-06-07 15:32:07 [INFO] modules.industry_research:   0 results after dedup+validation (max_stage=4)
2026-06-07 15:32:37 [INFO] modules.industry_research: Industry research: Retail & споживча поведінка — Україна
2026-06-07 15:32:58 [INFO] modules.industry_research:   0 results after dedup+validation (max_stage=4)
2026-06-07 15:32:58 [INFO] modules.industry_research: Industry research: Комерційна нерухомість — Україна
2026-06-07 15:33:18 [INFO] modules.industry_research:   0 results after dedup+validation (max_stage=4)
2026-06-07 15:33:18 [INFO] modules.industry_research: Industry research: Галузеві прогнози & CEE — Україна
2026-06-07 15:33:39 [INFO] modules.industry_research:   0 results after dedup+validation (max_stage=4)
2026-06-07 15:33:39 [INFO] modules.industry_research: Industry research: Retail & споживча поведінка — Румунія
2026-06-07 15:34:00 [INFO] modules.industry_research:   0 results after dedup+validation (max_stage=4)
2026-06-07 15:34:00 [INFO] modules.industry_research: Industry research: Комерційна нерухомість — Румунія
2026-06-07 15:34:20 [INFO] modules.industry_research:   0 results after dedup+validation (max_stage=4)
2026-06-07 15:34:20 [INFO] modules.industry_research: Industry research: Галузеві прогнози & CEE — Румунія
2026-06-07 15:34:41 [INFO] modules.industry_research:   0 results after dedup+validation (max_stage=4)
