2026-06-06 15:17:02 [INFO] scraper.competitor_catalogue: Pepco: 6 promos | cats=['pet'] | discounts=[]
2026-06-06 15:17:05 [WARNING] scraper.competitor_catalogue: HTTP fetch failed https://www.tedi.com/ro/oferte/: 404 Client Error: Not Found for url: https://www.tedi.com/ro/oferte/
2026-06-06 15:17:05 [ERROR] scraper.competitor_catalogue: Catalogue scrape error TEDi: BrowserType.launch: Executable doesn't exist at /Users/anastaiya/Library/Caches/ms-playwright/chromium-1117/chrome-mac/Chromium.app/Contents/MacOS/Chromium
╔════════════════════════════════════════════════════════════╗
║ Looks like Playwright was just installed or updated.       ║
║ Please run the following command to download new browsers: ║
║                                                            ║
║     playwright install                                     ║
║                                                            ║
║ <3 Playwright Team                                         ║
╚════════════════════════════════════════════════════════════╝
2026-06-06 15:17:07 [INFO] scraper.competitor_catalogue: KiK: 19 promos | cats=['food'] | discounts=['-40%']
2026-06-06 15:17:10 [WARNING] scraper.competitor_catalogue: HTTP fetch failed https://www.action.com/ro-ro/oferta-saptamanii/: 404 Client Error: Not Found for url: https://www.action.com/ro-ro/oferta-saptamanii/
2026-06-06 15:17:10 [ERROR] scraper.competitor_catalogue: Catalogue scrape error Action: BrowserType.launch: Executable doesn't exist at /Users/anastaiya/Library/Caches/ms-playwright/chromium-1117/chrome-mac/Chromium.app/Contents/MacOS/Chromium
╔════════════════════════════════════════════════════════════╗
║ Looks like Playwright was just installed or updated.       ║
║ Please run the following command to download new browsers: ║
║                                                            ║
║     playwright install                                     ║
║                                                            ║
║ <3 Playwright Team                                         ║
╚════════════════════════════════════════════════════════════╝
2026-06-06 15:17:12 [INFO] scraper.competitor_catalogue: Penny: 20 promos | cats=[] | discounts=['-00%']
2026-06-06 15:17:14 [WARNING] scraper.competitor_catalogue: HTTP fetch failed https://www.profi.ro/oferte/: 403 Client Error: Forbidden for url: https://www.profi.ro/oferte/
2026-06-06 15:17:15 [ERROR] scraper.competitor_catalogue: Catalogue scrape error Profi: BrowserType.launch: Executable doesn't exist at /Users/anastaiya/Library/Caches/ms-playwright/chromium-1117/chrome-mac/Chromium.app/Contents/MacOS/Chromium
╔════════════════════════════════════════════════════════════╗
║ Looks like Playwright was just installed or updated.       ║
║ Please run the following command to download new browsers: ║
║                                                            ║
║     playwright install                                     ║
║                                                            ║
║ <3 Playwright Team                                         ║
╚════════════════════════════════════════════════════════════╝
2026-06-06 15:17:18 [INFO] scraper.competitor_catalogue: Mr.DIY: 20 promos | cats=['diy', 'stationery', 'toys'] | discounts=[]
2026-06-06 17:22:04 [INFO] scraper.competitor_catalogue: Pepco: 6 promos | cats=['pet'] | discounts=[]
2026-06-06 17:22:07 [WARNING] scraper.competitor_catalogue: HTTP fetch failed https://www.tedi.com/ro/oferte/: 404 Client Error: Not Found for url: https://www.tedi.com/ro/oferte/
2026-06-06 17:22:07 [ERROR] scraper.competitor_catalogue: Catalogue scrape error TEDi: BrowserType.launch: Executable doesn't exist at /Users/anastaiya/Library/Caches/ms-playwright/chromium-1117/chrome-mac/Chromium.app/Contents/MacOS/Chromium
╔════════════════════════════════════════════════════════════╗
║ Looks like Playwright was just installed or updated.       ║
║ Please run the following command to download new browsers: ║
║                                                            ║
║     playwright install                                     ║
║                                                            ║
║ <3 Playwright Team                                         ║
╚════════════════════════════════════════════════════════════╝
2026-06-06 17:22:07 [INFO] scraper.competitor_catalogue: Pepco: 6 promos | cats=['pet'] | discounts=[]
2026-06-06 17:22:09 [INFO] scraper.competitor_catalogue: KiK: 19 promos | cats=['food'] | discounts=['-40%']
2026-06-06 17:22:09 [WARNING] scraper.competitor_catalogue: HTTP fetch failed https://www.tedi.com/ro/oferte/: 404 Client Error: Not Found for url: https://www.tedi.com/ro/oferte/
2026-06-06 17:22:09 [ERROR] scraper.competitor_catalogue: Catalogue scrape error TEDi: BrowserType.launch: Executable doesn't exist at /Users/anastaiya/Library/Caches/ms-playwright/chromium-1117/chrome-mac/Chromium.app/Contents/MacOS/Chromium
╔════════════════════════════════════════════════════════════╗
║ Looks like Playwright was just installed or updated.       ║
║ Please run the following command to download new browsers: ║
║                                                            ║
║     playwright install                                     ║
║                                                            ║
║ <3 Playwright Team                                         ║
╚════════════════════════════════════════════════════════════╝
2026-06-06 17:22:12 [WARNING] scraper.competitor_catalogue: HTTP fetch failed https://www.action.com/ro-ro/oferta-saptamanii/: 404 Client Error: Not Found for url: https://www.action.com/ro-ro/oferta-saptamanii/
2026-06-06 17:22:12 [INFO] scraper.competitor_catalogue: KiK: 19 promos | cats=['food'] | discounts=['-40%']
2026-06-06 17:22:12 [ERROR] scraper.competitor_catalogue: Catalogue scrape error Action: BrowserType.launch: Executable doesn't exist at /Users/anastaiya/Library/Caches/ms-playwright/chromium-1117/chrome-mac/Chromium.app/Contents/MacOS/Chromium
╔════════════════════════════════════════════════════════════╗
║ Looks like Playwright was just installed or updated.       ║
║ Please run the following command to download new browsers: ║
║                                                            ║
║     playwright install                                     ║
║                                                            ║
║ <3 Playwright Team                                         ║
╚════════════════════════════════════════════════════════════╝
2026-06-06 17:22:14 [WARNING] scraper.competitor_catalogue: HTTP fetch failed https://www.action.com/ro-ro/oferta-saptamanii/: 404 Client Error: Not Found for url: https://www.action.com/ro-ro/oferta-saptamanii/
2026-06-06 17:22:14 [ERROR] scraper.competitor_catalogue: Catalogue scrape error Action: BrowserType.launch: Executable doesn't exist at /Users/anastaiya/Library/Caches/ms-playwright/chromium-1117/chrome-mac/Chromium.app/Contents/MacOS/Chromium
╔════════════════════════════════════════════════════════════╗
║ Looks like Playwright was just installed or updated.       ║
║ Please run the following command to download new browsers: ║
║                                                            ║
║     playwright install                                     ║
║                                                            ║
║ <3 Playwright Team                                         ║
╚════════════════════════════════════════════════════════════╝
2026-06-06 17:22:14 [INFO] scraper.competitor_catalogue: Penny: 20 promos | cats=[] | discounts=['-00%']
2026-06-06 17:22:16 [WARNING] scraper.competitor_catalogue: HTTP fetch failed https://www.profi.ro/oferte/: 403 Client Error: Forbidden for url: https://www.profi.ro/oferte/
2026-06-06 17:22:16 [ERROR] scraper.competitor_catalogue: Catalogue scrape error Profi: BrowserType.launch: Executable doesn't exist at /Users/anastaiya/Library/Caches/ms-playwright/chromium-1117/chrome-mac/Chromium.app/Contents/MacOS/Chromium
╔════════════════════════════════════════════════════════════╗
║ Looks like Playwright was just installed or updated.       ║
║ Please run the following command to download new browsers: ║
║                                                            ║
║     playwright install                                     ║
║                                                            ║
║ <3 Playwright Team                                         ║
╚════════════════════════════════════════════════════════════╝
2026-06-06 17:22:17 [INFO] scraper.competitor_catalogue: Penny: 20 promos | cats=[] | discounts=['-00%']
2026-06-06 17:22:19 [WARNING] scraper.competitor_catalogue: HTTP fetch failed https://www.profi.ro/oferte/: 403 Client Error: Forbidden for url: https://www.profi.ro/oferte/
2026-06-06 17:22:19 [ERROR] scraper.competitor_catalogue: Catalogue scrape error Profi: BrowserType.launch: Executable doesn't exist at /Users/anastaiya/Library/Caches/ms-playwright/chromium-1117/chrome-mac/Chromium.app/Contents/MacOS/Chromium
╔════════════════════════════════════════════════════════════╗
║ Looks like Playwright was just installed or updated.       ║
║ Please run the following command to download new browsers: ║
║                                                            ║
║     playwright install                                     ║
║                                                            ║
║ <3 Playwright Team                                         ║
╚════════════════════════════════════════════════════════════╝
2026-06-06 17:22:20 [INFO] scraper.competitor_catalogue: Mr.DIY: 20 promos | cats=['diy', 'stationery', 'toys'] | discounts=[]
2026-06-06 17:22:22 [INFO] scraper.competitor_catalogue: Mr.DIY: 20 promos | cats=['diy', 'stationery', 'toys'] | discounts=[]
2026-06-06 17:33:54 [INFO] scraper.competitor_catalogue: Pepco: 6 promos | cats=['pet'] | discounts=[]
2026-06-06 17:33:56 [WARNING] scraper.competitor_catalogue: HTTP fetch failed https://www.tedi.com/ro/oferte/: 404 Client Error: Not Found for url: https://www.tedi.com/ro/oferte/
2026-06-06 17:33:56 [ERROR] scraper.competitor_catalogue: Catalogue scrape error TEDi: BrowserType.launch: Executable doesn't exist at /Users/anastaiya/Library/Caches/ms-playwright/chromium-1117/chrome-mac/Chromium.app/Contents/MacOS/Chromium
╔════════════════════════════════════════════════════════════╗
║ Looks like Playwright was just installed or updated.       ║
║ Please run the following command to download new browsers: ║
║                                                            ║
║     playwright install                                     ║
║                                                            ║
║ <3 Playwright Team                                         ║
╚════════════════════════════════════════════════════════════╝
2026-06-06 17:33:58 [INFO] scraper.competitor_catalogue: KiK: 19 promos | cats=['food'] | discounts=['-40%']
2026-06-06 17:34:01 [WARNING] scraper.competitor_catalogue: HTTP fetch failed https://www.action.com/ro-ro/oferta-saptamanii/: 404 Client Error: Not Found for url: https://www.action.com/ro-ro/oferta-saptamanii/
2026-06-06 17:34:01 [ERROR] scraper.competitor_catalogue: Catalogue scrape error Action: BrowserType.launch: Executable doesn't exist at /Users/anastaiya/Library/Caches/ms-playwright/chromium-1117/chrome-mac/Chromium.app/Contents/MacOS/Chromium
╔════════════════════════════════════════════════════════════╗
║ Looks like Playwright was just installed or updated.       ║
║ Please run the following command to download new browsers: ║
║                                                            ║
║     playwright install                                     ║
║                                                            ║
║ <3 Playwright Team                                         ║
╚════════════════════════════════════════════════════════════╝
2026-06-06 17:34:03 [INFO] scraper.competitor_catalogue: Penny: 20 promos | cats=[] | discounts=['-00%']
2026-06-06 17:34:05 [WARNING] scraper.competitor_catalogue: HTTP fetch failed https://www.profi.ro/oferte/: 403 Client Error: Forbidden for url: https://www.profi.ro/oferte/
2026-06-06 17:34:05 [ERROR] scraper.competitor_catalogue: Catalogue scrape error Profi: BrowserType.launch: Executable doesn't exist at /Users/anastaiya/Library/Caches/ms-playwright/chromium-1117/chrome-mac/Chromium.app/Contents/MacOS/Chromium
╔════════════════════════════════════════════════════════════╗
║ Looks like Playwright was just installed or updated.       ║
║ Please run the following command to download new browsers: ║
║                                                            ║
║     playwright install                                     ║
║                                                            ║
║ <3 Playwright Team                                         ║
╚════════════════════════════════════════════════════════════╝
2026-06-06 17:34:09 [INFO] scraper.competitor_catalogue: Mr.DIY: 20 promos | cats=['diy', 'stationery', 'toys'] | discounts=[]
2026-06-06 17:40:53 [INFO] scraper.competitor_catalogue: Pepco: 6 promos | cats=['pet'] | discounts=[]
2026-06-06 17:40:55 [WARNING] scraper.competitor_catalogue: HTTP fetch failed https://www.tedi.com/ro/oferte/: 404 Client Error: Not Found for url: https://www.tedi.com/ro/oferte/
2026-06-06 17:40:55 [ERROR] scraper.competitor_catalogue: Catalogue scrape error TEDi: BrowserType.launch: Executable doesn't exist at /Users/anastaiya/Library/Caches/ms-playwright/chromium-1117/chrome-mac/Chromium.app/Contents/MacOS/Chromium
╔════════════════════════════════════════════════════════════╗
║ Looks like Playwright was just installed or updated.       ║
║ Please run the following command to download new browsers: ║
║                                                            ║
║     playwright install                                     ║
║                                                            ║
║ <3 Playwright Team                                         ║
╚════════════════════════════════════════════════════════════╝
2026-06-06 17:40:58 [INFO] scraper.competitor_catalogue: KiK: 19 promos | cats=['food'] | discounts=['-40%']
2026-06-06 17:41:00 [WARNING] scraper.competitor_catalogue: HTTP fetch failed https://www.action.com/ro-ro/oferta-saptamanii/: 404 Client Error: Not Found for url: https://www.action.com/ro-ro/oferta-saptamanii/
2026-06-06 17:41:00 [ERROR] scraper.competitor_catalogue: Catalogue scrape error Action: BrowserType.launch: Executable doesn't exist at /Users/anastaiya/Library/Caches/ms-playwright/chromium-1117/chrome-mac/Chromium.app/Contents/MacOS/Chromium
╔════════════════════════════════════════════════════════════╗
║ Looks like Playwright was just installed or updated.       ║
║ Please run the following command to download new browsers: ║
║                                                            ║
║     playwright install                                     ║
║                                                            ║
║ <3 Playwright Team                                         ║
╚════════════════════════════════════════════════════════════╝
2026-06-06 17:41:03 [INFO] scraper.competitor_catalogue: Penny: 20 promos | cats=[] | discounts=['-00%']
2026-06-06 17:41:05 [WARNING] scraper.competitor_catalogue: HTTP fetch failed https://www.profi.ro/oferte/: 403 Client Error: Forbidden for url: https://www.profi.ro/oferte/
2026-06-06 17:41:05 [ERROR] scraper.competitor_catalogue: Catalogue scrape error Profi: BrowserType.launch: Executable doesn't exist at /Users/anastaiya/Library/Caches/ms-playwright/chromium-1117/chrome-mac/Chromium.app/Contents/MacOS/Chromium
╔════════════════════════════════════════════════════════════╗
║ Looks like Playwright was just installed or updated.       ║
║ Please run the following command to download new browsers: ║
║                                                            ║
║     playwright install                                     ║
║                                                            ║
║ <3 Playwright Team                                         ║
╚════════════════════════════════════════════════════════════╝
2026-06-06 17:41:09 [INFO] scraper.competitor_catalogue: Mr.DIY: 20 promos | cats=['diy', 'stationery', 'toys'] | discounts=[]
2026-06-06 18:11:01 [INFO] scraper.competitor_catalogue: Pepco: 6 promos | cats=['pet'] | discounts=[]
2026-06-06 18:11:03 [WARNING] scraper.competitor_catalogue: HTTP fetch failed https://www.tedi.com/ro/oferte/: 404 Client Error: Not Found for url: https://www.tedi.com/ro/oferte/
2026-06-06 18:11:04 [ERROR] scraper.competitor_catalogue: Catalogue scrape error TEDi: BrowserType.launch: Executable doesn't exist at /Users/anastaiya/Library/Caches/ms-playwright/chromium-1117/chrome-mac/Chromium.app/Contents/MacOS/Chromium
╔════════════════════════════════════════════════════════════╗
║ Looks like Playwright was just installed or updated.       ║
║ Please run the following command to download new browsers: ║
║                                                            ║
║     playwright install                                     ║
║                                                            ║
║ <3 Playwright Team                                         ║
╚════════════════════════════════════════════════════════════╝
2026-06-06 18:11:06 [INFO] scraper.competitor_catalogue: KiK: 19 promos | cats=['food'] | discounts=['-40%']
2026-06-06 18:11:08 [WARNING] scraper.competitor_catalogue: HTTP fetch failed https://www.action.com/ro-ro/oferta-saptamanii/: 404 Client Error: Not Found for url: https://www.action.com/ro-ro/oferta-saptamanii/
2026-06-06 18:11:08 [ERROR] scraper.competitor_catalogue: Catalogue scrape error Action: BrowserType.launch: Executable doesn't exist at /Users/anastaiya/Library/Caches/ms-playwright/chromium-1117/chrome-mac/Chromium.app/Contents/MacOS/Chromium
╔════════════════════════════════════════════════════════════╗
║ Looks like Playwright was just installed or updated.       ║
║ Please run the following command to download new browsers: ║
║                                                            ║
║     playwright install                                     ║
║                                                            ║
║ <3 Playwright Team                                         ║
╚════════════════════════════════════════════════════════════╝
2026-06-06 18:11:11 [INFO] scraper.competitor_catalogue: Penny: 20 promos | cats=[] | discounts=['-00%']
2026-06-06 18:11:13 [WARNING] scraper.competitor_catalogue: HTTP fetch failed https://www.profi.ro/oferte/: 403 Client Error: Forbidden for url: https://www.profi.ro/oferte/
2026-06-06 18:11:13 [ERROR] scraper.competitor_catalogue: Catalogue scrape error Profi: BrowserType.launch: Executable doesn't exist at /Users/anastaiya/Library/Caches/ms-playwright/chromium-1117/chrome-mac/Chromium.app/Contents/MacOS/Chromium
╔════════════════════════════════════════════════════════════╗
║ Looks like Playwright was just installed or updated.       ║
║ Please run the following command to download new browsers: ║
║                                                            ║
║     playwright install                                     ║
║                                                            ║
║ <3 Playwright Team                                         ║
╚════════════════════════════════════════════════════════════╝
2026-06-06 18:11:17 [INFO] scraper.competitor_catalogue: Mr.DIY: 20 promos | cats=['diy', 'stationery', 'toys'] | discounts=[]
2026-06-06 18:13:17 [INFO] scraper.competitor_catalogue: Pepco: 6 promos | cats=['pet'] | discounts=[]
2026-06-06 18:13:19 [WARNING] scraper.competitor_catalogue: HTTP fetch failed https://www.tedi.com/ro/oferte/: 404 Client Error: Not Found for url: https://www.tedi.com/ro/oferte/
2026-06-06 18:13:19 [ERROR] scraper.competitor_catalogue: Catalogue scrape error TEDi: BrowserType.launch: Executable doesn't exist at /Users/anastaiya/Library/Caches/ms-playwright/chromium-1117/chrome-mac/Chromium.app/Contents/MacOS/Chromium
╔════════════════════════════════════════════════════════════╗
║ Looks like Playwright was just installed or updated.       ║
║ Please run the following command to download new browsers: ║
║                                                            ║
║     playwright install                                     ║
║                                                            ║
║ <3 Playwright Team                                         ║
╚════════════════════════════════════════════════════════════╝
2026-06-06 18:13:21 [INFO] scraper.competitor_catalogue: KiK: 19 promos | cats=['food'] | discounts=['-40%']
2026-06-06 18:13:24 [WARNING] scraper.competitor_catalogue: HTTP fetch failed https://www.action.com/ro-ro/oferta-saptamanii/: 404 Client Error: Not Found for url: https://www.action.com/ro-ro/oferta-saptamanii/
2026-06-06 18:13:24 [ERROR] scraper.competitor_catalogue: Catalogue scrape error Action: BrowserType.launch: Executable doesn't exist at /Users/anastaiya/Library/Caches/ms-playwright/chromium-1117/chrome-mac/Chromium.app/Contents/MacOS/Chromium
╔════════════════════════════════════════════════════════════╗
║ Looks like Playwright was just installed or updated.       ║
║ Please run the following command to download new browsers: ║
║                                                            ║
║     playwright install                                     ║
║                                                            ║
║ <3 Playwright Team                                         ║
╚════════════════════════════════════════════════════════════╝
2026-06-06 18:13:26 [INFO] scraper.competitor_catalogue: Penny: 20 promos | cats=[] | discounts=['-00%']
2026-06-06 18:13:28 [WARNING] scraper.competitor_catalogue: HTTP fetch failed https://www.profi.ro/oferte/: 403 Client Error: Forbidden for url: https://www.profi.ro/oferte/
2026-06-06 18:13:28 [ERROR] scraper.competitor_catalogue: Catalogue scrape error Profi: BrowserType.launch: Executable doesn't exist at /Users/anastaiya/Library/Caches/ms-playwright/chromium-1117/chrome-mac/Chromium.app/Contents/MacOS/Chromium
╔════════════════════════════════════════════════════════════╗
║ Looks like Playwright was just installed or updated.       ║
║ Please run the following command to download new browsers: ║
║                                                            ║
║     playwright install                                     ║
║                                                            ║
║ <3 Playwright Team                                         ║
╚════════════════════════════════════════════════════════════╝
2026-06-06 18:13:33 [INFO] scraper.competitor_catalogue: Mr.DIY: 20 promos | cats=['diy', 'stationery', 'toys'] | discounts=[]
2026-06-06 18:31:16 [INFO] scraper.competitor_catalogue: Pepco: 6 promos | cats=['pet'] | discounts=[]
2026-06-06 18:31:19 [WARNING] scraper.competitor_catalogue: HTTP fetch failed https://www.tedi.com/ro/oferte/: 404 Client Error: Not Found for url: https://www.tedi.com/ro/oferte/
2026-06-06 18:31:19 [ERROR] scraper.competitor_catalogue: Catalogue scrape error TEDi: BrowserType.launch: Executable doesn't exist at /Users/anastaiya/Library/Caches/ms-playwright/chromium-1117/chrome-mac/Chromium.app/Contents/MacOS/Chromium
╔════════════════════════════════════════════════════════════╗
║ Looks like Playwright was just installed or updated.       ║
║ Please run the following command to download new browsers: ║
║                                                            ║
║     playwright install                                     ║
║                                                            ║
║ <3 Playwright Team                                         ║
╚════════════════════════════════════════════════════════════╝
2026-06-06 18:31:21 [INFO] scraper.competitor_catalogue: KiK: 19 promos | cats=['food'] | discounts=['-40%']
2026-06-06 18:31:24 [WARNING] scraper.competitor_catalogue: HTTP fetch failed https://www.action.com/ro-ro/oferta-saptamanii/: 404 Client Error: Not Found for url: https://www.action.com/ro-ro/oferta-saptamanii/
2026-06-06 18:31:24 [ERROR] scraper.competitor_catalogue: Catalogue scrape error Action: BrowserType.launch: Executable doesn't exist at /Users/anastaiya/Library/Caches/ms-playwright/chromium-1117/chrome-mac/Chromium.app/Contents/MacOS/Chromium
╔════════════════════════════════════════════════════════════╗
║ Looks like Playwright was just installed or updated.       ║
║ Please run the following command to download new browsers: ║
║                                                            ║
║     playwright install                                     ║
║                                                            ║
║ <3 Playwright Team                                         ║
╚════════════════════════════════════════════════════════════╝
2026-06-06 18:31:26 [INFO] scraper.competitor_catalogue: Penny: 20 promos | cats=[] | discounts=['-00%']
2026-06-06 18:31:28 [WARNING] scraper.competitor_catalogue: HTTP fetch failed https://www.profi.ro/oferte/: 403 Client Error: Forbidden for url: https://www.profi.ro/oferte/
2026-06-06 18:31:28 [ERROR] scraper.competitor_catalogue: Catalogue scrape error Profi: BrowserType.launch: Executable doesn't exist at /Users/anastaiya/Library/Caches/ms-playwright/chromium-1117/chrome-mac/Chromium.app/Contents/MacOS/Chromium
╔════════════════════════════════════════════════════════════╗
║ Looks like Playwright was just installed or updated.       ║
║ Please run the following command to download new browsers: ║
║                                                            ║
║     playwright install                                     ║
║                                                            ║
║ <3 Playwright Team                                         ║
╚════════════════════════════════════════════════════════════╝
2026-06-06 18:31:32 [INFO] scraper.competitor_catalogue: Mr.DIY: 20 promos | cats=['diy', 'stationery', 'toys'] | discounts=[]
2026-06-06 18:41:21 [INFO] scraper.competitor_catalogue: Pepco: 6 promos | cats=['pet'] | discounts=[]
2026-06-06 18:41:24 [WARNING] scraper.competitor_catalogue: HTTP fetch failed https://www.tedi.com/ro/oferte/: 404 Client Error: Not Found for url: https://www.tedi.com/ro/oferte/
2026-06-06 18:41:24 [ERROR] scraper.competitor_catalogue: Catalogue scrape error TEDi: BrowserType.launch: Executable doesn't exist at /Users/anastaiya/Library/Caches/ms-playwright/chromium-1117/chrome-mac/Chromium.app/Contents/MacOS/Chromium
╔════════════════════════════════════════════════════════════╗
║ Looks like Playwright was just installed or updated.       ║
║ Please run the following command to download new browsers: ║
║                                                            ║
║     playwright install                                     ║
║                                                            ║
║ <3 Playwright Team                                         ║
╚════════════════════════════════════════════════════════════╝
2026-06-06 18:41:26 [INFO] scraper.competitor_catalogue: KiK: 19 promos | cats=['food'] | discounts=['-40%']
2026-06-06 18:41:28 [WARNING] scraper.competitor_catalogue: HTTP fetch failed https://www.action.com/ro-ro/oferta-saptamanii/: 404 Client Error: Not Found for url: https://www.action.com/ro-ro/oferta-saptamanii/
2026-06-06 18:41:29 [ERROR] scraper.competitor_catalogue: Catalogue scrape error Action: BrowserType.launch: Executable doesn't exist at /Users/anastaiya/Library/Caches/ms-playwright/chromium-1117/chrome-mac/Chromium.app/Contents/MacOS/Chromium
╔════════════════════════════════════════════════════════════╗
║ Looks like Playwright was just installed or updated.       ║
║ Please run the following command to download new browsers: ║
║                                                            ║
║     playwright install                                     ║
║                                                            ║
║ <3 Playwright Team                                         ║
╚════════════════════════════════════════════════════════════╝
2026-06-06 18:41:31 [INFO] scraper.competitor_catalogue: Penny: 20 promos | cats=[] | discounts=['-00%']
2026-06-06 18:41:33 [WARNING] scraper.competitor_catalogue: HTTP fetch failed https://www.profi.ro/oferte/: 403 Client Error: Forbidden for url: https://www.profi.ro/oferte/
2026-06-06 18:41:33 [ERROR] scraper.competitor_catalogue: Catalogue scrape error Profi: BrowserType.launch: Executable doesn't exist at /Users/anastaiya/Library/Caches/ms-playwright/chromium-1117/chrome-mac/Chromium.app/Contents/MacOS/Chromium
╔════════════════════════════════════════════════════════════╗
║ Looks like Playwright was just installed or updated.       ║
║ Please run the following command to download new browsers: ║
║                                                            ║
║     playwright install                                     ║
║                                                            ║
║ <3 Playwright Team                                         ║
╚════════════════════════════════════════════════════════════╝
2026-06-06 18:41:37 [INFO] scraper.competitor_catalogue: Mr.DIY: 20 promos | cats=['diy', 'stationery', 'toys'] | discounts=[]
2026-06-06 18:56:32 [INFO] scraper.competitor_catalogue: Pepco: 6 promos | cats=['pet'] | discounts=[]
2026-06-06 18:56:35 [WARNING] scraper.competitor_catalogue: HTTP fetch failed https://www.tedi.com/ro/oferte/: 404 Client Error: Not Found for url: https://www.tedi.com/ro/oferte/
2026-06-06 18:56:35 [ERROR] scraper.competitor_catalogue: Catalogue scrape error TEDi: BrowserType.launch: Executable doesn't exist at /Users/anastaiya/Library/Caches/ms-playwright/chromium-1117/chrome-mac/Chromium.app/Contents/MacOS/Chromium
╔════════════════════════════════════════════════════════════╗
║ Looks like Playwright was just installed or updated.       ║
║ Please run the following command to download new browsers: ║
║                                                            ║
║     playwright install                                     ║
║                                                            ║
║ <3 Playwright Team                                         ║
╚════════════════════════════════════════════════════════════╝
2026-06-06 18:56:37 [INFO] scraper.competitor_catalogue: KiK: 19 promos | cats=['food'] | discounts=['-40%']
2026-06-06 18:56:39 [WARNING] scraper.competitor_catalogue: HTTP fetch failed https://www.action.com/ro-ro/oferta-saptamanii/: 404 Client Error: Not Found for url: https://www.action.com/ro-ro/oferta-saptamanii/
2026-06-06 18:56:40 [ERROR] scraper.competitor_catalogue: Catalogue scrape error Action: BrowserType.launch: Executable doesn't exist at /Users/anastaiya/Library/Caches/ms-playwright/chromium-1117/chrome-mac/Chromium.app/Contents/MacOS/Chromium
╔════════════════════════════════════════════════════════════╗
║ Looks like Playwright was just installed or updated.       ║
║ Please run the following command to download new browsers: ║
║                                                            ║
║     playwright install                                     ║
║                                                            ║
║ <3 Playwright Team                                         ║
╚════════════════════════════════════════════════════════════╝
2026-06-06 18:56:42 [INFO] scraper.competitor_catalogue: Penny: 20 promos | cats=[] | discounts=['-00%']
2026-06-06 18:56:44 [WARNING] scraper.competitor_catalogue: HTTP fetch failed https://www.profi.ro/oferte/: 403 Client Error: Forbidden for url: https://www.profi.ro/oferte/
2026-06-06 18:56:44 [ERROR] scraper.competitor_catalogue: Catalogue scrape error Profi: BrowserType.launch: Executable doesn't exist at /Users/anastaiya/Library/Caches/ms-playwright/chromium-1117/chrome-mac/Chromium.app/Contents/MacOS/Chromium
╔════════════════════════════════════════════════════════════╗
║ Looks like Playwright was just installed or updated.       ║
║ Please run the following command to download new browsers: ║
║                                                            ║
║     playwright install                                     ║
║                                                            ║
║ <3 Playwright Team                                         ║
╚════════════════════════════════════════════════════════════╝
2026-06-06 18:56:49 [INFO] scraper.competitor_catalogue: Mr.DIY: 20 promos | cats=['diy', 'stationery', 'toys'] | discounts=[]
2026-06-06 18:59:33 [INFO] scraper.competitor_catalogue: Pepco: 6 promos | cats=['pet'] | discounts=[]
2026-06-06 18:59:36 [WARNING] scraper.competitor_catalogue: HTTP fetch failed https://www.tedi.com/ro/oferte/: 404 Client Error: Not Found for url: https://www.tedi.com/ro/oferte/
2026-06-06 18:59:36 [ERROR] scraper.competitor_catalogue: Catalogue scrape error TEDi: BrowserType.launch: Executable doesn't exist at /Users/anastaiya/Library/Caches/ms-playwright/chromium-1117/chrome-mac/Chromium.app/Contents/MacOS/Chromium
╔════════════════════════════════════════════════════════════╗
║ Looks like Playwright was just installed or updated.       ║
║ Please run the following command to download new browsers: ║
║                                                            ║
║     playwright install                                     ║
║                                                            ║
║ <3 Playwright Team                                         ║
╚════════════════════════════════════════════════════════════╝
2026-06-06 18:59:38 [INFO] scraper.competitor_catalogue: KiK: 19 promos | cats=['food'] | discounts=['-40%']
2026-06-06 18:59:40 [WARNING] scraper.competitor_catalogue: HTTP fetch failed https://www.action.com/ro-ro/oferta-saptamanii/: 404 Client Error: Not Found for url: https://www.action.com/ro-ro/oferta-saptamanii/
2026-06-06 18:59:40 [ERROR] scraper.competitor_catalogue: Catalogue scrape error Action: BrowserType.launch: Executable doesn't exist at /Users/anastaiya/Library/Caches/ms-playwright/chromium-1117/chrome-mac/Chromium.app/Contents/MacOS/Chromium
╔════════════════════════════════════════════════════════════╗
║ Looks like Playwright was just installed or updated.       ║
║ Please run the following command to download new browsers: ║
║                                                            ║
║     playwright install                                     ║
║                                                            ║
║ <3 Playwright Team                                         ║
╚════════════════════════════════════════════════════════════╝
2026-06-06 18:59:43 [INFO] scraper.competitor_catalogue: Penny: 20 promos | cats=[] | discounts=['-00%']
2026-06-06 18:59:45 [WARNING] scraper.competitor_catalogue: HTTP fetch failed https://www.profi.ro/oferte/: 403 Client Error: Forbidden for url: https://www.profi.ro/oferte/
2026-06-06 18:59:45 [ERROR] scraper.competitor_catalogue: Catalogue scrape error Profi: BrowserType.launch: Executable doesn't exist at /Users/anastaiya/Library/Caches/ms-playwright/chromium-1117/chrome-mac/Chromium.app/Contents/MacOS/Chromium
╔════════════════════════════════════════════════════════════╗
║ Looks like Playwright was just installed or updated.       ║
║ Please run the following command to download new browsers: ║
║                                                            ║
║     playwright install                                     ║
║                                                            ║
║ <3 Playwright Team                                         ║
╚════════════════════════════════════════════════════════════╝
2026-06-06 18:59:48 [INFO] scraper.competitor_catalogue: Mr.DIY: 20 promos | cats=['diy', 'stationery', 'toys'] | discounts=[]
2026-06-07 00:38:35 [INFO] scraper.competitor_catalogue: Pepco: 6 promos | cats=['pet'] | discounts=[]
2026-06-07 00:38:37 [WARNING] scraper.competitor_catalogue: HTTP fetch failed https://www.tedi.com/ro/oferte/: 404 Client Error: Not Found for url: https://www.tedi.com/ro/oferte/
2026-06-07 00:38:37 [ERROR] scraper.competitor_catalogue: Catalogue scrape error TEDi: BrowserType.launch: Executable doesn't exist at /Users/anastaiya/Library/Caches/ms-playwright/chromium-1117/chrome-mac/Chromium.app/Contents/MacOS/Chromium
╔════════════════════════════════════════════════════════════╗
║ Looks like Playwright was just installed or updated.       ║
║ Please run the following command to download new browsers: ║
║                                                            ║
║     playwright install                                     ║
║                                                            ║
║ <3 Playwright Team                                         ║
╚════════════════════════════════════════════════════════════╝
2026-06-07 00:38:40 [INFO] scraper.competitor_catalogue: KiK: 19 promos | cats=['food'] | discounts=['-40%']
2026-06-07 00:38:42 [WARNING] scraper.competitor_catalogue: HTTP fetch failed https://www.action.com/ro-ro/oferta-saptamanii/: 404 Client Error: Not Found for url: https://www.action.com/ro-ro/oferta-saptamanii/
2026-06-07 00:38:42 [ERROR] scraper.competitor_catalogue: Catalogue scrape error Action: BrowserType.launch: Executable doesn't exist at /Users/anastaiya/Library/Caches/ms-playwright/chromium-1117/chrome-mac/Chromium.app/Contents/MacOS/Chromium
╔════════════════════════════════════════════════════════════╗
║ Looks like Playwright was just installed or updated.       ║
║ Please run the following command to download new browsers: ║
║                                                            ║
║     playwright install                                     ║
║                                                            ║
║ <3 Playwright Team                                         ║
╚════════════════════════════════════════════════════════════╝
2026-06-07 00:38:45 [INFO] scraper.competitor_catalogue: Penny: 20 promos | cats=[] | discounts=['-00%']
2026-06-07 00:38:47 [WARNING] scraper.competitor_catalogue: HTTP fetch failed https://www.profi.ro/oferte/: 403 Client Error: Forbidden for url: https://www.profi.ro/oferte/
2026-06-07 00:38:47 [ERROR] scraper.competitor_catalogue: Catalogue scrape error Profi: BrowserType.launch: Executable doesn't exist at /Users/anastaiya/Library/Caches/ms-playwright/chromium-1117/chrome-mac/Chromium.app/Contents/MacOS/Chromium
╔════════════════════════════════════════════════════════════╗
║ Looks like Playwright was just installed or updated.       ║
║ Please run the following command to download new browsers: ║
║                                                            ║
║     playwright install                                     ║
║                                                            ║
║ <3 Playwright Team                                         ║
╚════════════════════════════════════════════════════════════╝
2026-06-07 00:38:59 [INFO] scraper.competitor_catalogue: Mr.DIY: 20 promos | cats=['diy', 'stationery', 'toys'] | discounts=[]
2026-06-07 00:39:59 [INFO] scraper.competitor_catalogue: Pepco: 6 promos | cats=['pet'] | discounts=[]
2026-06-07 00:40:01 [WARNING] scraper.competitor_catalogue: HTTP fetch failed https://www.tedi.com/ro/oferte/: 404 Client Error: Not Found for url: https://www.tedi.com/ro/oferte/
2026-06-07 00:40:01 [ERROR] scraper.competitor_catalogue: Catalogue scrape error TEDi: BrowserType.launch: Executable doesn't exist at /Users/anastaiya/Library/Caches/ms-playwright/chromium-1117/chrome-mac/Chromium.app/Contents/MacOS/Chromium
╔════════════════════════════════════════════════════════════╗
║ Looks like Playwright was just installed or updated.       ║
║ Please run the following command to download new browsers: ║
║                                                            ║
║     playwright install                                     ║
║                                                            ║
║ <3 Playwright Team                                         ║
╚════════════════════════════════════════════════════════════╝
2026-06-07 00:40:03 [INFO] scraper.competitor_catalogue: KiK: 19 promos | cats=['food'] | discounts=['-40%']
2026-06-07 00:40:06 [WARNING] scraper.competitor_catalogue: HTTP fetch failed https://www.action.com/ro-ro/oferta-saptamanii/: 404 Client Error: Not Found for url: https://www.action.com/ro-ro/oferta-saptamanii/
2026-06-07 00:40:06 [ERROR] scraper.competitor_catalogue: Catalogue scrape error Action: BrowserType.launch: Executable doesn't exist at /Users/anastaiya/Library/Caches/ms-playwright/chromium-1117/chrome-mac/Chromium.app/Contents/MacOS/Chromium
╔════════════════════════════════════════════════════════════╗
║ Looks like Playwright was just installed or updated.       ║
║ Please run the following command to download new browsers: ║
║                                                            ║
║     playwright install                                     ║
║                                                            ║
║ <3 Playwright Team                                         ║
╚════════════════════════════════════════════════════════════╝
2026-06-07 00:40:08 [INFO] scraper.competitor_catalogue: Penny: 20 promos | cats=[] | discounts=['-00%']
2026-06-07 00:40:10 [WARNING] scraper.competitor_catalogue: HTTP fetch failed https://www.profi.ro/oferte/: 403 Client Error: Forbidden for url: https://www.profi.ro/oferte/
2026-06-07 00:40:11 [ERROR] scraper.competitor_catalogue: Catalogue scrape error Profi: BrowserType.launch: Executable doesn't exist at /Users/anastaiya/Library/Caches/ms-playwright/chromium-1117/chrome-mac/Chromium.app/Contents/MacOS/Chromium
╔════════════════════════════════════════════════════════════╗
║ Looks like Playwright was just installed or updated.       ║
║ Please run the following command to download new browsers: ║
║                                                            ║
║     playwright install                                     ║
║                                                            ║
║ <3 Playwright Team                                         ║
╚════════════════════════════════════════════════════════════╝
2026-06-07 00:40:25 [INFO] scraper.competitor_catalogue: Mr.DIY: 20 promos | cats=['diy', 'stationery', 'toys'] | discounts=[]
2026-06-07 13:29:14 [INFO] scraper.competitor_catalogue: Pepco: 6 promos | cats=['pet'] | discounts=[]
2026-06-07 13:29:16 [WARNING] scraper.competitor_catalogue: HTTP fetch failed https://www.tedi.com/ro/oferte/: 404 Client Error: Not Found for url: https://www.tedi.com/ro/oferte/
2026-06-07 13:29:16 [ERROR] scraper.competitor_catalogue: Catalogue scrape error TEDi: BrowserType.launch: Executable doesn't exist at /Users/anastaiya/Library/Caches/ms-playwright/chromium-1117/chrome-mac/Chromium.app/Contents/MacOS/Chromium
╔════════════════════════════════════════════════════════════╗
║ Looks like Playwright was just installed or updated.       ║
║ Please run the following command to download new browsers: ║
║                                                            ║
║     playwright install                                     ║
║                                                            ║
║ <3 Playwright Team                                         ║
╚════════════════════════════════════════════════════════════╝
2026-06-07 13:29:19 [INFO] scraper.competitor_catalogue: KiK: 19 promos | cats=['food'] | discounts=['-40%']
2026-06-07 13:29:21 [WARNING] scraper.competitor_catalogue: HTTP fetch failed https://www.action.com/ro-ro/oferta-saptamanii/: 404 Client Error: Not Found for url: https://www.action.com/ro-ro/oferta-saptamanii/
2026-06-07 13:29:22 [ERROR] scraper.competitor_catalogue: Catalogue scrape error Action: BrowserType.launch: Executable doesn't exist at /Users/anastaiya/Library/Caches/ms-playwright/chromium-1117/chrome-mac/Chromium.app/Contents/MacOS/Chromium
╔════════════════════════════════════════════════════════════╗
║ Looks like Playwright was just installed or updated.       ║
║ Please run the following command to download new browsers: ║
║                                                            ║
║     playwright install                                     ║
║                                                            ║
║ <3 Playwright Team                                         ║
╚════════════════════════════════════════════════════════════╝
2026-06-07 13:29:24 [INFO] scraper.competitor_catalogue: Penny: 20 promos | cats=[] | discounts=['-00%']
2026-06-07 13:29:26 [WARNING] scraper.competitor_catalogue: HTTP fetch failed https://www.profi.ro/oferte/: 403 Client Error: Forbidden for url: https://www.profi.ro/oferte/
2026-06-07 13:29:26 [ERROR] scraper.competitor_catalogue: Catalogue scrape error Profi: BrowserType.launch: Executable doesn't exist at /Users/anastaiya/Library/Caches/ms-playwright/chromium-1117/chrome-mac/Chromium.app/Contents/MacOS/Chromium
╔════════════════════════════════════════════════════════════╗
║ Looks like Playwright was just installed or updated.       ║
║ Please run the following command to download new browsers: ║
║                                                            ║
║     playwright install                                     ║
║                                                            ║
║ <3 Playwright Team                                         ║
╚════════════════════════════════════════════════════════════╝
2026-06-07 13:29:59 [WARNING] scraper.competitor_catalogue: HTTP fetch failed https://www.mrdiy.com/ro/our-products: HTTPSConnectionPool(host='www.mrdiy.com', port=443): Read timed out. (read timeout=30)
2026-06-07 13:29:59 [WARNING] scraper.competitor_catalogue: No content fetched for Mr.DIY
2026-06-07 13:35:05 [INFO] scraper.competitor_catalogue: Pepco: 6 promos | cats=['pet'] | discounts=[]
2026-06-07 13:35:07 [WARNING] scraper.competitor_catalogue: HTTP fetch failed https://www.tedi.com/ro/oferte/: 404 Client Error: Not Found for url: https://www.tedi.com/ro/oferte/
2026-06-07 13:35:07 [ERROR] scraper.competitor_catalogue: Catalogue scrape error TEDi: BrowserType.launch: Executable doesn't exist at /Users/anastaiya/Library/Caches/ms-playwright/chromium-1117/chrome-mac/Chromium.app/Contents/MacOS/Chromium
╔════════════════════════════════════════════════════════════╗
║ Looks like Playwright was just installed or updated.       ║
║ Please run the following command to download new browsers: ║
║                                                            ║
║     playwright install                                     ║
║                                                            ║
║ <3 Playwright Team                                         ║
╚════════════════════════════════════════════════════════════╝
2026-06-07 13:35:10 [INFO] scraper.competitor_catalogue: KiK: 19 promos | cats=['food'] | discounts=['-40%']
2026-06-07 13:35:12 [WARNING] scraper.competitor_catalogue: HTTP fetch failed https://www.action.com/ro-ro/oferta-saptamanii/: 404 Client Error: Not Found for url: https://www.action.com/ro-ro/oferta-saptamanii/
2026-06-07 13:35:12 [ERROR] scraper.competitor_catalogue: Catalogue scrape error Action: BrowserType.launch: Executable doesn't exist at /Users/anastaiya/Library/Caches/ms-playwright/chromium-1117/chrome-mac/Chromium.app/Contents/MacOS/Chromium
╔════════════════════════════════════════════════════════════╗
║ Looks like Playwright was just installed or updated.       ║
║ Please run the following command to download new browsers: ║
║                                                            ║
║     playwright install                                     ║
║                                                            ║
║ <3 Playwright Team                                         ║
╚════════════════════════════════════════════════════════════╝
2026-06-07 13:35:15 [INFO] scraper.competitor_catalogue: Penny: 20 promos | cats=[] | discounts=['-00%']
2026-06-07 13:35:17 [WARNING] scraper.competitor_catalogue: HTTP fetch failed https://www.profi.ro/oferte/: 403 Client Error: Forbidden for url: https://www.profi.ro/oferte/
2026-06-07 13:35:17 [ERROR] scraper.competitor_catalogue: Catalogue scrape error Profi: BrowserType.launch: Executable doesn't exist at /Users/anastaiya/Library/Caches/ms-playwright/chromium-1117/chrome-mac/Chromium.app/Contents/MacOS/Chromium
╔════════════════════════════════════════════════════════════╗
║ Looks like Playwright was just installed or updated.       ║
║ Please run the following command to download new browsers: ║
║                                                            ║
║     playwright install                                     ║
║                                                            ║
║ <3 Playwright Team                                         ║
╚════════════════════════════════════════════════════════════╝
2026-06-07 13:35:49 [WARNING] scraper.competitor_catalogue: HTTP fetch failed https://www.mrdiy.com/ro/our-products: HTTPSConnectionPool(host='www.mrdiy.com', port=443): Read timed out. (read timeout=30)
2026-06-07 13:35:49 [WARNING] scraper.competitor_catalogue: No content fetched for Mr.DIY
2026-06-07 14:05:37 [INFO] scraper.competitor_catalogue: Pepco: 6 promos | cats=['pet'] | discounts=[]
2026-06-07 14:05:39 [WARNING] scraper.competitor_catalogue: HTTP fetch failed https://www.tedi.com/ro/oferte/: 404 Client Error: Not Found for url: https://www.tedi.com/ro/oferte/
2026-06-07 14:05:39 [ERROR] scraper.competitor_catalogue: Catalogue scrape error TEDi: BrowserType.launch: Executable doesn't exist at /Users/anastaiya/Library/Caches/ms-playwright/chromium-1117/chrome-mac/Chromium.app/Contents/MacOS/Chromium
╔════════════════════════════════════════════════════════════╗
║ Looks like Playwright was just installed or updated.       ║
║ Please run the following command to download new browsers: ║
║                                                            ║
║     playwright install                                     ║
║                                                            ║
║ <3 Playwright Team                                         ║
╚════════════════════════════════════════════════════════════╝
2026-06-07 14:05:42 [INFO] scraper.competitor_catalogue: KiK: 19 promos | cats=['food'] | discounts=['-40%']
2026-06-07 14:05:44 [WARNING] scraper.competitor_catalogue: HTTP fetch failed https://www.action.com/ro-ro/oferta-saptamanii/: 404 Client Error: Not Found for url: https://www.action.com/ro-ro/oferta-saptamanii/
2026-06-07 14:05:44 [ERROR] scraper.competitor_catalogue: Catalogue scrape error Action: BrowserType.launch: Executable doesn't exist at /Users/anastaiya/Library/Caches/ms-playwright/chromium-1117/chrome-mac/Chromium.app/Contents/MacOS/Chromium
╔════════════════════════════════════════════════════════════╗
║ Looks like Playwright was just installed or updated.       ║
║ Please run the following command to download new browsers: ║
║                                                            ║
║     playwright install                                     ║
║                                                            ║
║ <3 Playwright Team                                         ║
╚════════════════════════════════════════════════════════════╝
2026-06-07 14:05:47 [INFO] scraper.competitor_catalogue: Penny: 20 promos | cats=[] | discounts=['-00%']
2026-06-07 14:05:49 [WARNING] scraper.competitor_catalogue: HTTP fetch failed https://www.profi.ro/oferte/: 403 Client Error: Forbidden for url: https://www.profi.ro/oferte/
2026-06-07 14:05:49 [ERROR] scraper.competitor_catalogue: Catalogue scrape error Profi: BrowserType.launch: Executable doesn't exist at /Users/anastaiya/Library/Caches/ms-playwright/chromium-1117/chrome-mac/Chromium.app/Contents/MacOS/Chromium
╔════════════════════════════════════════════════════════════╗
║ Looks like Playwright was just installed or updated.       ║
║ Please run the following command to download new browsers: ║
║                                                            ║
║     playwright install                                     ║
║                                                            ║
║ <3 Playwright Team                                         ║
╚════════════════════════════════════════════════════════════╝
2026-06-07 14:05:57 [INFO] scraper.competitor_catalogue: Mr.DIY: 20 promos | cats=['diy', 'stationery', 'toys'] | discounts=[]
2026-06-07 14:06:37 [INFO] scraper.competitor_catalogue: Pepco: 6 promos | cats=['pet'] | discounts=[]
2026-06-07 14:06:40 [WARNING] scraper.competitor_catalogue: HTTP fetch failed https://www.tedi.com/ro/oferte/: 404 Client Error: Not Found for url: https://www.tedi.com/ro/oferte/
2026-06-07 14:06:40 [ERROR] scraper.competitor_catalogue: Catalogue scrape error TEDi: BrowserType.launch: Executable doesn't exist at /Users/anastaiya/Library/Caches/ms-playwright/chromium-1117/chrome-mac/Chromium.app/Contents/MacOS/Chromium
╔════════════════════════════════════════════════════════════╗
║ Looks like Playwright was just installed or updated.       ║
║ Please run the following command to download new browsers: ║
║                                                            ║
║     playwright install                                     ║
║                                                            ║
║ <3 Playwright Team                                         ║
╚════════════════════════════════════════════════════════════╝
2026-06-07 14:06:42 [INFO] scraper.competitor_catalogue: KiK: 19 promos | cats=['food'] | discounts=['-40%']
2026-06-07 14:06:44 [WARNING] scraper.competitor_catalogue: HTTP fetch failed https://www.action.com/ro-ro/oferta-saptamanii/: 404 Client Error: Not Found for url: https://www.action.com/ro-ro/oferta-saptamanii/
2026-06-07 14:06:45 [ERROR] scraper.competitor_catalogue: Catalogue scrape error Action: BrowserType.launch: Executable doesn't exist at /Users/anastaiya/Library/Caches/ms-playwright/chromium-1117/chrome-mac/Chromium.app/Contents/MacOS/Chromium
╔════════════════════════════════════════════════════════════╗
║ Looks like Playwright was just installed or updated.       ║
║ Please run the following command to download new browsers: ║
║                                                            ║
║     playwright install                                     ║
║                                                            ║
║ <3 Playwright Team                                         ║
╚════════════════════════════════════════════════════════════╝
2026-06-07 14:06:47 [INFO] scraper.competitor_catalogue: Penny: 20 promos | cats=[] | discounts=['-00%']
2026-06-07 14:06:49 [WARNING] scraper.competitor_catalogue: HTTP fetch failed https://www.profi.ro/oferte/: 403 Client Error: Forbidden for url: https://www.profi.ro/oferte/
2026-06-07 14:06:49 [ERROR] scraper.competitor_catalogue: Catalogue scrape error Profi: BrowserType.launch: Executable doesn't exist at /Users/anastaiya/Library/Caches/ms-playwright/chromium-1117/chrome-mac/Chromium.app/Contents/MacOS/Chromium
╔════════════════════════════════════════════════════════════╗
║ Looks like Playwright was just installed or updated.       ║
║ Please run the following command to download new browsers: ║
║                                                            ║
║     playwright install                                     ║
║                                                            ║
║ <3 Playwright Team                                         ║
╚════════════════════════════════════════════════════════════╝
2026-06-07 14:07:11 [INFO] scraper.competitor_catalogue: Mr.DIY: 20 promos | cats=['diy', 'stationery', 'toys'] | discounts=[]
2026-06-07 14:10:55 [INFO] scraper.competitor_catalogue: Pepco: 6 promos | cats=['pet'] | discounts=[]
2026-06-07 14:10:58 [WARNING] scraper.competitor_catalogue: HTTP fetch failed https://www.tedi.com/ro/oferte/: 404 Client Error: Not Found for url: https://www.tedi.com/ro/oferte/
2026-06-07 14:10:58 [ERROR] scraper.competitor_catalogue: Catalogue scrape error TEDi: BrowserType.launch: Executable doesn't exist at /Users/anastaiya/Library/Caches/ms-playwright/chromium-1117/chrome-mac/Chromium.app/Contents/MacOS/Chromium
╔════════════════════════════════════════════════════════════╗
║ Looks like Playwright was just installed or updated.       ║
║ Please run the following command to download new browsers: ║
║                                                            ║
║     playwright install                                     ║
║                                                            ║
║ <3 Playwright Team                                         ║
╚════════════════════════════════════════════════════════════╝
2026-06-07 14:11:00 [INFO] scraper.competitor_catalogue: KiK: 19 promos | cats=['food'] | discounts=['-40%']
2026-06-07 14:11:03 [WARNING] scraper.competitor_catalogue: HTTP fetch failed https://www.action.com/ro-ro/oferta-saptamanii/: 404 Client Error: Not Found for url: https://www.action.com/ro-ro/oferta-saptamanii/
2026-06-07 14:11:03 [ERROR] scraper.competitor_catalogue: Catalogue scrape error Action: BrowserType.launch: Executable doesn't exist at /Users/anastaiya/Library/Caches/ms-playwright/chromium-1117/chrome-mac/Chromium.app/Contents/MacOS/Chromium
╔════════════════════════════════════════════════════════════╗
║ Looks like Playwright was just installed or updated.       ║
║ Please run the following command to download new browsers: ║
║                                                            ║
║     playwright install                                     ║
║                                                            ║
║ <3 Playwright Team                                         ║
╚════════════════════════════════════════════════════════════╝
2026-06-07 14:11:05 [INFO] scraper.competitor_catalogue: Penny: 20 promos | cats=[] | discounts=['-00%']
2026-06-07 14:11:07 [WARNING] scraper.competitor_catalogue: HTTP fetch failed https://www.profi.ro/oferte/: 403 Client Error: Forbidden for url: https://www.profi.ro/oferte/
2026-06-07 14:11:07 [ERROR] scraper.competitor_catalogue: Catalogue scrape error Profi: BrowserType.launch: Executable doesn't exist at /Users/anastaiya/Library/Caches/ms-playwright/chromium-1117/chrome-mac/Chromium.app/Contents/MacOS/Chromium
╔════════════════════════════════════════════════════════════╗
║ Looks like Playwright was just installed or updated.       ║
║ Please run the following command to download new browsers: ║
║                                                            ║
║     playwright install                                     ║
║                                                            ║
║ <3 Playwright Team                                         ║
╚════════════════════════════════════════════════════════════╝
2026-06-07 14:11:21 [INFO] scraper.competitor_catalogue: Mr.DIY: 20 promos | cats=['diy', 'stationery', 'toys'] | discounts=[]
2026-06-07 14:41:57 [INFO] scraper.competitor_catalogue: Pepco: 6 promos | cats=['pet'] | discounts=[]
2026-06-07 14:41:59 [WARNING] scraper.competitor_catalogue: HTTP fetch failed https://www.tedi.com/ro/oferte/: 404 Client Error: Not Found for url: https://www.tedi.com/ro/oferte/
2026-06-07 14:42:00 [ERROR] scraper.competitor_catalogue: Catalogue scrape error TEDi: BrowserType.launch: Executable doesn't exist at /Users/anastaiya/Library/Caches/ms-playwright/chromium-1117/chrome-mac/Chromium.app/Contents/MacOS/Chromium
╔════════════════════════════════════════════════════════════╗
║ Looks like Playwright was just installed or updated.       ║
║ Please run the following command to download new browsers: ║
║                                                            ║
║     playwright install                                     ║
║                                                            ║
║ <3 Playwright Team                                         ║
╚════════════════════════════════════════════════════════════╝
2026-06-07 14:42:02 [INFO] scraper.competitor_catalogue: KiK: 19 promos | cats=['food'] | discounts=['-40%']
2026-06-07 14:42:04 [WARNING] scraper.competitor_catalogue: HTTP fetch failed https://www.action.com/ro-ro/oferta-saptamanii/: 404 Client Error: Not Found for url: https://www.action.com/ro-ro/oferta-saptamanii/
2026-06-07 14:42:04 [ERROR] scraper.competitor_catalogue: Catalogue scrape error Action: BrowserType.launch: Executable doesn't exist at /Users/anastaiya/Library/Caches/ms-playwright/chromium-1117/chrome-mac/Chromium.app/Contents/MacOS/Chromium
╔════════════════════════════════════════════════════════════╗
║ Looks like Playwright was just installed or updated.       ║
║ Please run the following command to download new browsers: ║
║                                                            ║
║     playwright install                                     ║
║                                                            ║
║ <3 Playwright Team                                         ║
╚════════════════════════════════════════════════════════════╝
2026-06-07 14:42:06 [INFO] scraper.competitor_catalogue: Pepco: 6 promos | cats=['pet'] | discounts=[]
2026-06-07 14:42:07 [INFO] scraper.competitor_catalogue: Penny: 20 promos | cats=[] | discounts=['-00%']
2026-06-07 14:42:08 [WARNING] scraper.competitor_catalogue: HTTP fetch failed https://www.tedi.com/ro/oferte/: 404 Client Error: Not Found for url: https://www.tedi.com/ro/oferte/
2026-06-07 14:42:08 [ERROR] scraper.competitor_catalogue: Catalogue scrape error TEDi: BrowserType.launch: Executable doesn't exist at /Users/anastaiya/Library/Caches/ms-playwright/chromium-1117/chrome-mac/Chromium.app/Contents/MacOS/Chromium
╔════════════════════════════════════════════════════════════╗
║ Looks like Playwright was just installed or updated.       ║
║ Please run the following command to download new browsers: ║
║                                                            ║
║     playwright install                                     ║
║                                                            ║
║ <3 Playwright Team                                         ║
╚════════════════════════════════════════════════════════════╝
2026-06-07 14:42:09 [WARNING] scraper.competitor_catalogue: HTTP fetch failed https://www.profi.ro/oferte/: 403 Client Error: Forbidden for url: https://www.profi.ro/oferte/
2026-06-07 14:42:09 [ERROR] scraper.competitor_catalogue: Catalogue scrape error Profi: BrowserType.launch: Executable doesn't exist at /Users/anastaiya/Library/Caches/ms-playwright/chromium-1117/chrome-mac/Chromium.app/Contents/MacOS/Chromium
╔════════════════════════════════════════════════════════════╗
║ Looks like Playwright was just installed or updated.       ║
║ Please run the following command to download new browsers: ║
║                                                            ║
║     playwright install                                     ║
║                                                            ║
║ <3 Playwright Team                                         ║
╚════════════════════════════════════════════════════════════╝
2026-06-07 14:42:10 [INFO] scraper.competitor_catalogue: KiK: 19 promos | cats=['food'] | discounts=['-40%']
2026-06-07 14:42:13 [WARNING] scraper.competitor_catalogue: HTTP fetch failed https://www.action.com/ro-ro/oferta-saptamanii/: 404 Client Error: Not Found for url: https://www.action.com/ro-ro/oferta-saptamanii/
2026-06-07 14:42:13 [ERROR] scraper.competitor_catalogue: Catalogue scrape error Action: BrowserType.launch: Executable doesn't exist at /Users/anastaiya/Library/Caches/ms-playwright/chromium-1117/chrome-mac/Chromium.app/Contents/MacOS/Chromium
╔════════════════════════════════════════════════════════════╗
║ Looks like Playwright was just installed or updated.       ║
║ Please run the following command to download new browsers: ║
║                                                            ║
║     playwright install                                     ║
║                                                            ║
║ <3 Playwright Team                                         ║
╚════════════════════════════════════════════════════════════╝
2026-06-07 14:42:15 [INFO] scraper.competitor_catalogue: Penny: 20 promos | cats=[] | discounts=['-00%']
2026-06-07 14:42:17 [WARNING] scraper.competitor_catalogue: HTTP fetch failed https://www.profi.ro/oferte/: 403 Client Error: Forbidden for url: https://www.profi.ro/oferte/
2026-06-07 14:42:17 [ERROR] scraper.competitor_catalogue: Catalogue scrape error Profi: BrowserType.launch: Executable doesn't exist at /Users/anastaiya/Library/Caches/ms-playwright/chromium-1117/chrome-mac/Chromium.app/Contents/MacOS/Chromium
╔════════════════════════════════════════════════════════════╗
║ Looks like Playwright was just installed or updated.       ║
║ Please run the following command to download new browsers: ║
║                                                            ║
║     playwright install                                     ║
║                                                            ║
║ <3 Playwright Team                                         ║
╚════════════════════════════════════════════════════════════╝
2026-06-07 14:42:22 [INFO] scraper.competitor_catalogue: Mr.DIY: 20 promos | cats=['diy', 'stationery', 'toys'] | discounts=[]
2026-06-07 14:42:43 [INFO] scraper.competitor_catalogue: Mr.DIY: 20 promos | cats=['diy', 'stationery', 'toys'] | discounts=[]
2026-06-07 15:22:20 [INFO] scraper.competitor_catalogue: Pepco: 6 promos | cats=['pet'] | discounts=[]
2026-06-07 15:22:22 [WARNING] scraper.competitor_catalogue: HTTP fetch failed https://www.tedi.com/ro/oferte/: 404 Client Error: Not Found for url: https://www.tedi.com/ro/oferte/
2026-06-07 15:22:22 [ERROR] scraper.competitor_catalogue: Catalogue scrape error TEDi: BrowserType.launch: Executable doesn't exist at /Users/anastaiya/Library/Caches/ms-playwright/chromium-1117/chrome-mac/Chromium.app/Contents/MacOS/Chromium
╔════════════════════════════════════════════════════════════╗
║ Looks like Playwright was just installed or updated.       ║
║ Please run the following command to download new browsers: ║
║                                                            ║
║     playwright install                                     ║
║                                                            ║
║ <3 Playwright Team                                         ║
╚════════════════════════════════════════════════════════════╝
2026-06-07 15:22:25 [INFO] scraper.competitor_catalogue: KiK: 19 promos | cats=['food'] | discounts=['-40%']
2026-06-07 15:22:27 [WARNING] scraper.competitor_catalogue: HTTP fetch failed https://www.action.com/ro-ro/oferta-saptamanii/: 404 Client Error: Not Found for url: https://www.action.com/ro-ro/oferta-saptamanii/
2026-06-07 15:22:27 [ERROR] scraper.competitor_catalogue: Catalogue scrape error Action: BrowserType.launch: Executable doesn't exist at /Users/anastaiya/Library/Caches/ms-playwright/chromium-1117/chrome-mac/Chromium.app/Contents/MacOS/Chromium
╔════════════════════════════════════════════════════════════╗
║ Looks like Playwright was just installed or updated.       ║
║ Please run the following command to download new browsers: ║
║                                                            ║
║     playwright install                                     ║
║                                                            ║
║ <3 Playwright Team                                         ║
╚════════════════════════════════════════════════════════════╝
2026-06-07 15:22:29 [INFO] scraper.competitor_catalogue: Penny: 20 promos | cats=[] | discounts=['-00%']
2026-06-07 15:22:31 [WARNING] scraper.competitor_catalogue: HTTP fetch failed https://www.profi.ro/oferte/: 403 Client Error: Forbidden for url: https://www.profi.ro/oferte/
2026-06-07 15:22:32 [ERROR] scraper.competitor_catalogue: Catalogue scrape error Profi: BrowserType.launch: Executable doesn't exist at /Users/anastaiya/Library/Caches/ms-playwright/chromium-1117/chrome-mac/Chromium.app/Contents/MacOS/Chromium
╔════════════════════════════════════════════════════════════╗
║ Looks like Playwright was just installed or updated.       ║
║ Please run the following command to download new browsers: ║
║                                                            ║
║     playwright install                                     ║
║                                                            ║
║ <3 Playwright Team                                         ║
╚════════════════════════════════════════════════════════════╝
2026-06-07 15:22:50 [INFO] scraper.competitor_catalogue: Mr.DIY: 20 promos | cats=['diy', 'stationery', 'toys'] | discounts=[]
2026-06-07 15:26:25 [INFO] scraper.competitor_catalogue: Pepco: 6 promos | cats=['pet'] | discounts=[]
2026-06-07 15:26:28 [WARNING] scraper.competitor_catalogue: HTTP fetch failed https://www.tedi.com/ro/oferte/: 404 Client Error: Not Found for url: https://www.tedi.com/ro/oferte/
2026-06-07 15:26:28 [ERROR] scraper.competitor_catalogue: Catalogue scrape error TEDi: BrowserType.launch: Executable doesn't exist at /Users/anastaiya/Library/Caches/ms-playwright/chromium-1117/chrome-mac/Chromium.app/Contents/MacOS/Chromium
╔════════════════════════════════════════════════════════════╗
║ Looks like Playwright was just installed or updated.       ║
║ Please run the following command to download new browsers: ║
║                                                            ║
║     playwright install                                     ║
║                                                            ║
║ <3 Playwright Team                                         ║
╚════════════════════════════════════════════════════════════╝
2026-06-07 15:26:30 [INFO] scraper.competitor_catalogue: KiK: 19 promos | cats=['food'] | discounts=['-40%']
2026-06-07 15:26:33 [WARNING] scraper.competitor_catalogue: HTTP fetch failed https://www.action.com/ro-ro/oferta-saptamanii/: 404 Client Error: Not Found for url: https://www.action.com/ro-ro/oferta-saptamanii/
2026-06-07 15:26:33 [ERROR] scraper.competitor_catalogue: Catalogue scrape error Action: BrowserType.launch: Executable doesn't exist at /Users/anastaiya/Library/Caches/ms-playwright/chromium-1117/chrome-mac/Chromium.app/Contents/MacOS/Chromium
╔════════════════════════════════════════════════════════════╗
║ Looks like Playwright was just installed or updated.       ║
║ Please run the following command to download new browsers: ║
║                                                            ║
║     playwright install                                     ║
║                                                            ║
║ <3 Playwright Team                                         ║
╚════════════════════════════════════════════════════════════╝
2026-06-07 15:26:35 [INFO] scraper.competitor_catalogue: Penny: 20 promos | cats=[] | discounts=['-00%']
2026-06-07 15:26:37 [WARNING] scraper.competitor_catalogue: HTTP fetch failed https://www.profi.ro/oferte/: 403 Client Error: Forbidden for url: https://www.profi.ro/oferte/
2026-06-07 15:26:37 [ERROR] scraper.competitor_catalogue: Catalogue scrape error Profi: BrowserType.launch: Executable doesn't exist at /Users/anastaiya/Library/Caches/ms-playwright/chromium-1117/chrome-mac/Chromium.app/Contents/MacOS/Chromium
╔════════════════════════════════════════════════════════════╗
║ Looks like Playwright was just installed or updated.       ║
║ Please run the following command to download new browsers: ║
║                                                            ║
║     playwright install                                     ║
║                                                            ║
║ <3 Playwright Team                                         ║
╚════════════════════════════════════════════════════════════╝
2026-06-07 15:26:50 [INFO] scraper.competitor_catalogue: Mr.DIY: 20 promos | cats=['diy', 'stationery', 'toys'] | discounts=[]
