2026-05-16 14:48:35 [INFO] scraper.linkedin_jobs: LinkedIn search: https://www.linkedin.com/jobs/search/?keywords=aurora+store+manager&location=Romania&f_TPR=r604800&sortBy=DD
2026-05-16 14:48:36 [INFO] scraper.linkedin_jobs: Playwright LinkedIn search: store manager
2026-05-16 14:48:52 [INFO] scraper.linkedin_jobs: LinkedIn search: https://www.linkedin.com/jobs/search/?keywords=aurora+expansion+Romania&location=Romania&f_TPR=r604800&sortBy=DD
2026-05-16 14:48:53 [INFO] scraper.linkedin_jobs: Playwright LinkedIn search: expansion Romania
2026-05-16 14:49:04 [INFO] scraper.linkedin_jobs: LinkedIn search: https://www.linkedin.com/jobs/search/?keywords=aurora+manager+magazin&location=Romania&f_TPR=r604800&sortBy=DD
2026-05-16 14:49:05 [INFO] scraper.linkedin_jobs: Playwright LinkedIn search: manager magazin
2026-05-16 14:49:16 [INFO] scraper.linkedin_jobs: LinkedIn: 0 unique jobs found
2026-05-16 14:49:16 [INFO] scraper.linkedin_jobs: Searching eJobs: https://www.ejobs.ro/user/locuri-de-munca/aurora
2026-05-16 14:49:21 [WARNING] scraper.linkedin_jobs: eJobs failed: RetryError[<Future at 0x103decf90 state=finished raised HTTPError>]
2026-05-16 14:49:23 [INFO] scraper.linkedin_jobs: Searching BestJobs: https://www.bestjobs.eu/ro/locuri-de-munca?q=aurora+multimarket
2026-05-16 14:49:25 [INFO] scraper.linkedin_jobs: bestjobs: parsed 0 jobs
2026-05-16 14:49:27 [INFO] scraper.linkedin_jobs: Searching Hipo: https://www.hipo.ro/locuri-de-munca/cauta/aurora
2026-05-16 14:49:27 [INFO] scraper.linkedin_jobs: hipo: parsed 0 jobs
2026-05-16 14:49:29 [INFO] scraper.linkedin_jobs: Romanian job boards: 0 jobs total
2026-05-16 14:49:29 [INFO] scraper.linkedin_jobs: Total unique jobs: 0
2026-05-16 15:16:33 [INFO] scraper.linkedin_jobs: LinkedIn search: https://www.linkedin.com/jobs/search/?keywords=aurora+store+manager&location=Romania&f_TPR=r604800&sortBy=DD
2026-05-16 15:16:34 [INFO] scraper.linkedin_jobs: Playwright LinkedIn search: store manager
2026-05-16 15:16:49 [INFO] scraper.linkedin_jobs: LinkedIn search: https://www.linkedin.com/jobs/search/?keywords=aurora+expansion+Romania&location=Romania&f_TPR=r604800&sortBy=DD
2026-05-16 15:17:01 [WARNING] scraper.linkedin_jobs: LinkedIn fetch failed for 'expansion Romania': RetryError[<Future at 0x1049bc210 state=finished raised HTTPError>]
2026-05-16 15:17:01 [INFO] scraper.linkedin_jobs: Playwright LinkedIn search: expansion Romania
2026-05-16 15:17:10 [INFO] scraper.linkedin_jobs: LinkedIn search: https://www.linkedin.com/jobs/search/?keywords=aurora+manager+magazin&location=Romania&f_TPR=r604800&sortBy=DD
2026-05-16 15:17:17 [WARNING] scraper.linkedin_jobs: LinkedIn fetch failed for 'manager magazin': RetryError[<Future at 0x1043d8590 state=finished raised HTTPError>]
2026-05-16 15:17:17 [INFO] scraper.linkedin_jobs: Playwright LinkedIn search: manager magazin
2026-05-16 15:17:24 [INFO] scraper.linkedin_jobs: LinkedIn: 0 unique jobs found
2026-05-16 15:17:24 [INFO] scraper.linkedin_jobs: Searching eJobs: https://www.ejobs.ro/user/locuri-de-munca/aurora
2026-05-16 15:17:29 [WARNING] scraper.linkedin_jobs: eJobs failed: RetryError[<Future at 0x109bc1c90 state=finished raised HTTPError>]
2026-05-16 15:17:31 [INFO] scraper.linkedin_jobs: Searching BestJobs: https://www.bestjobs.eu/ro/locuri-de-munca?q=aurora+multimarket
2026-05-16 15:17:33 [INFO] scraper.linkedin_jobs: bestjobs: parsed 0 jobs
2026-05-16 15:17:35 [INFO] scraper.linkedin_jobs: Searching Hipo: https://www.hipo.ro/locuri-de-munca/cauta/aurora
2026-05-16 15:17:36 [INFO] scraper.linkedin_jobs: hipo: parsed 0 jobs
2026-05-16 15:17:38 [INFO] scraper.linkedin_jobs: Romanian job boards: 0 jobs total
2026-05-16 15:17:38 [INFO] scraper.linkedin_jobs: Total unique jobs: 0
2026-05-16 15:25:00 [INFO] scraper.linkedin_jobs: Playwright LinkedIn: https://www.linkedin.com/company/aurora-multimarket-romania/jobs/
2026-05-16 15:25:14 [ERROR] scraper.linkedin_jobs: Playwright LinkedIn URL error: Page.goto: net::ERR_TOO_MANY_REDIRECTS at https://www.linkedin.com/company/aurora-multimarket-romania/jobs/
Call log:
navigating to "https://www.linkedin.com/company/aurora-multimarket-romania/jobs/", waiting until "domcontentloaded"

2026-05-16 15:25:15 [INFO] scraper.linkedin_jobs: Playwright LinkedIn: https://www.linkedin.com/jobs/search/?keywords=aurora+multimarket&location=Romania&f_TPR=r2592000
2026-05-16 15:25:22 [ERROR] scraper.linkedin_jobs: Playwright LinkedIn URL error: Page.goto: net::ERR_TOO_MANY_REDIRECTS at https://www.linkedin.com/jobs/search/?keywords=aurora+multimarket&location=Romania&f_TPR=r2592000
Call log:
navigating to "https://www.linkedin.com/jobs/search/?keywords=aurora+multimarket&location=Romania&f_TPR=r2592000", waiting until "domcontentloaded"

2026-05-16 15:25:24 [INFO] scraper.linkedin_jobs: LinkedIn search: https://www.linkedin.com/jobs/search/?keywords=aurora+store+manager+Romania&location=Romania&f_TPR=r604800&sortBy=DD
2026-05-16 15:26:01 [WARNING] scraper.linkedin_jobs: LinkedIn fetch failed for 'store manager Romania': RetryError[<Future at 0x10508bb10 state=finished raised TooManyRedirects>]
2026-05-16 15:26:01 [INFO] scraper.linkedin_jobs: Playwright LinkedIn search: store manager Romania
2026-05-16 15:26:09 [ERROR] scraper.linkedin_jobs: Playwright LinkedIn error: Page.goto: net::ERR_TOO_MANY_REDIRECTS at https://www.linkedin.com/jobs/search/?keywords=aurora+store+manager+Romania&location=Romania&f_TPR=r604800
Call log:
navigating to "https://www.linkedin.com/jobs/search/?keywords=aurora+store+manager+Romania&location=Romania&f_TPR=r604800", waiting until "networkidle"

2026-05-16 15:26:11 [INFO] scraper.linkedin_jobs: LinkedIn search: https://www.linkedin.com/jobs/search/?keywords=aurora+manager+magazin&location=Romania&f_TPR=r604800&sortBy=DD
2026-05-16 15:26:44 [WARNING] scraper.linkedin_jobs: LinkedIn fetch failed for 'manager magazin': RetryError[<Future at 0x10502a890 state=finished raised TooManyRedirects>]
2026-05-16 15:26:44 [INFO] scraper.linkedin_jobs: Playwright LinkedIn search: manager magazin
2026-05-16 15:26:51 [ERROR] scraper.linkedin_jobs: Playwright LinkedIn error: Page.goto: net::ERR_TOO_MANY_REDIRECTS at https://www.linkedin.com/jobs/search/?keywords=aurora+manager+magazin&location=Romania&f_TPR=r604800
Call log:
navigating to "https://www.linkedin.com/jobs/search/?keywords=aurora+manager+magazin&location=Romania&f_TPR=r604800", waiting until "networkidle"

2026-05-16 15:26:53 [INFO] scraper.linkedin_jobs: LinkedIn: 0 unique jobs found
2026-05-16 15:26:53 [INFO] scraper.linkedin_jobs: Searching eJobs: https://www.ejobs.ro/user/locuri-de-munca/aurora
2026-05-16 15:26:58 [WARNING] scraper.linkedin_jobs: eJobs failed: RetryError[<Future at 0x104722790 state=finished raised HTTPError>]
2026-05-16 15:27:00 [INFO] scraper.linkedin_jobs: Searching BestJobs: https://www.bestjobs.eu/ro/locuri-de-munca?q=aurora+multimarket
2026-05-16 15:27:02 [INFO] scraper.linkedin_jobs: bestjobs: parsed 0 jobs
2026-05-16 15:27:04 [INFO] scraper.linkedin_jobs: Searching Hipo: https://www.hipo.ro/locuri-de-munca/cauta/aurora
2026-05-16 15:27:05 [INFO] scraper.linkedin_jobs: hipo: parsed 0 jobs
2026-05-16 15:27:07 [INFO] scraper.linkedin_jobs: Romanian job boards: 0 jobs total
2026-05-16 15:27:07 [INFO] scraper.linkedin_jobs: Total unique jobs: 0
2026-05-16 15:39:26 [INFO] scraper.linkedin_jobs: LinkedIn search: https://www.linkedin.com/jobs/search/?keywords=store+manager+Romania&location=Romania&f_TPR=r604800&sortBy=DD
2026-05-16 15:39:56 [INFO] scraper.linkedin_jobs: LinkedIn search: https://www.linkedin.com/jobs/search/?keywords=store+manager&location=Romania&f_TPR=r2592000&sortBy=DD
2026-05-16 15:39:58 [INFO] scraper.linkedin_jobs: LinkedIn search: https://www.linkedin.com/jobs/search/?keywords=manager+magazin&location=Romania&f_TPR=r2592000&sortBy=DD
2026-05-16 15:39:59 [INFO] scraper.linkedin_jobs: LinkedIn search: https://www.linkedin.com/jobs/search/?keywords=aurora+multimarket&location=Romania&f_TPR=r2592000&sortBy=DD
2026-05-16 15:40:18 [INFO] scraper.linkedin_jobs: Playwright LinkedIn: https://www.linkedin.com/company/aurora-multimarket-romania/jobs/
2026-05-16 15:40:30 [INFO] scraper.linkedin_jobs: Playwright LinkedIn: https://www.linkedin.com/jobs/search/?keywords=aurora+multimarket&location=Romania&f_TPR=r2592000
2026-05-16 15:40:36 [ERROR] scraper.linkedin_jobs: Playwright LinkedIn URL error: Page.goto: net::ERR_TOO_MANY_REDIRECTS at https://www.linkedin.com/jobs/search/?keywords=aurora+multimarket&location=Romania&f_TPR=r2592000
Call log:
navigating to "https://www.linkedin.com/jobs/search/?keywords=aurora+multimarket&location=Romania&f_TPR=r2592000", waiting until "domcontentloaded"

2026-05-16 15:40:38 [INFO] scraper.linkedin_jobs: LinkedIn search: https://www.linkedin.com/jobs/search/?keywords=store+manager&location=Romania&f_TPR=r2592000&sortBy=DD
2026-05-16 15:40:49 [WARNING] scraper.linkedin_jobs: LinkedIn fetch failed for 'store manager': RetryError[<Future at 0x110d1df50 state=finished raised HTTPError>]
2026-05-16 15:40:51 [INFO] scraper.linkedin_jobs: LinkedIn search: https://www.linkedin.com/jobs/search/?keywords=manager+magazin&location=Romania&f_TPR=r2592000&sortBy=DD
2026-05-16 15:40:59 [WARNING] scraper.linkedin_jobs: LinkedIn fetch failed for 'manager magazin': RetryError[<Future at 0x110f588d0 state=finished raised HTTPError>]
2026-05-16 15:41:01 [INFO] scraper.linkedin_jobs: LinkedIn search: https://www.linkedin.com/jobs/search/?keywords=aurora+multimarket&location=Romania&f_TPR=r2592000&sortBy=DD
2026-05-16 15:41:10 [WARNING] scraper.linkedin_jobs: LinkedIn fetch failed for 'aurora multimarket': RetryError[<Future at 0x110d97490 state=finished raised HTTPError>]
2026-05-16 15:41:12 [INFO] scraper.linkedin_jobs: LinkedIn: 0 unique jobs found
2026-05-16 15:41:12 [INFO] scraper.linkedin_jobs: Searching eJobs: https://www.ejobs.ro/user/locuri-de-munca/aurora
2026-05-16 15:41:17 [WARNING] scraper.linkedin_jobs: eJobs failed: RetryError[<Future at 0x106e3ea90 state=finished raised HTTPError>]
2026-05-16 15:41:19 [INFO] scraper.linkedin_jobs: Searching BestJobs: https://www.bestjobs.eu/ro/locuri-de-munca?q=aurora+multimarket
2026-05-16 15:41:21 [INFO] scraper.linkedin_jobs: bestjobs: parsed 0 jobs
2026-05-16 15:41:23 [INFO] scraper.linkedin_jobs: Searching Hipo: https://www.hipo.ro/locuri-de-munca/cauta/aurora
2026-05-16 15:41:25 [INFO] scraper.linkedin_jobs: hipo: parsed 0 jobs
2026-05-16 15:41:27 [INFO] scraper.linkedin_jobs: Romanian job boards: 0 jobs total
2026-05-16 15:41:27 [INFO] scraper.linkedin_jobs: Total unique jobs: 0
2026-05-16 15:47:39 [INFO] scraper.linkedin_jobs: LinkedIn search: https://www.linkedin.com/jobs/search/?keywords=store+manager&location=Romania&f_TPR=r2592000&sortBy=DD
2026-05-16 15:47:50 [WARNING] scraper.linkedin_jobs: LinkedIn fetch failed for 'store manager': Exceeded 30 redirects.
2026-05-16 15:47:54 [INFO] scraper.linkedin_jobs: LinkedIn search: https://www.linkedin.com/jobs/search/?keywords=manager+magazin&location=Romania&f_TPR=r2592000&sortBy=DD
2026-05-16 15:48:02 [WARNING] scraper.linkedin_jobs: LinkedIn fetch failed for 'manager magazin': Exceeded 30 redirects.
2026-05-16 15:48:06 [INFO] scraper.linkedin_jobs: LinkedIn search: https://www.linkedin.com/jobs/search/?keywords=aurora+multimarket&location=Romania&f_TPR=r2592000&sortBy=DD
2026-05-16 15:48:13 [WARNING] scraper.linkedin_jobs: LinkedIn fetch failed for 'aurora multimarket': Exceeded 30 redirects.
2026-05-16 15:48:17 [INFO] scraper.linkedin_jobs: LinkedIn: 0 unique jobs found
2026-05-16 15:48:38 [INFO] scraper.linkedin_jobs: LinkedIn search: https://www.linkedin.com/jobs/search/?keywords=store+manager&location=Romania&f_TPR=r2592000&sortBy=DD
2026-05-16 15:48:47 [WARNING] scraper.linkedin_jobs: LinkedIn fetch failed for 'store manager': Exceeded 30 redirects.
2026-05-16 15:49:59 [INFO] scraper.linkedin_jobs: LinkedIn search: https://www.linkedin.com/jobs/search/?keywords=store+manager&location=Romania&f_TPR=r2592000&sortBy=DD
2026-05-16 15:50:00 [WARNING] scraper.linkedin_jobs: LinkedIn cookie caused redirect — switching to unauthenticated mode
2026-05-16 15:50:05 [INFO] scraper.linkedin_jobs: LinkedIn search: https://www.linkedin.com/jobs/search/?keywords=manager+magazin&location=Romania&f_TPR=r2592000&sortBy=DD
2026-05-16 15:50:10 [INFO] scraper.linkedin_jobs: LinkedIn search: https://www.linkedin.com/jobs/search/?keywords=aurora+multimarket&location=Romania&f_TPR=r2592000&sortBy=DD
2026-05-16 15:50:14 [INFO] scraper.linkedin_jobs: LinkedIn: 0 unique jobs found
2026-05-16 15:52:08 [INFO] scraper.linkedin_jobs: LinkedIn search: https://www.linkedin.com/jobs/search/?keywords=store+manager&location=Romania&f_TPR=r2592000&sortBy=DD
2026-05-16 15:52:09 [WARNING] scraper.linkedin_jobs: LinkedIn cookie caused redirect — switching to unauthenticated mode
2026-05-16 15:52:14 [INFO] scraper.linkedin_jobs: LinkedIn search: https://www.linkedin.com/jobs/search/?keywords=manager+magazin&location=Romania&f_TPR=r2592000&sortBy=DD
2026-05-16 15:52:19 [INFO] scraper.linkedin_jobs: LinkedIn search: https://www.linkedin.com/jobs/search/?keywords=aurora+multimarket&location=Romania&f_TPR=r2592000&sortBy=DD
2026-05-16 15:52:23 [INFO] scraper.linkedin_jobs: LinkedIn: 46 unique jobs found
2026-05-16 15:52:33 [INFO] scraper.linkedin_jobs: LinkedIn search: https://www.linkedin.com/jobs/search/?keywords=store+manager&location=Romania&f_TPR=r2592000&sortBy=DD
2026-05-16 15:52:33 [WARNING] scraper.linkedin_jobs: LinkedIn cookie caused redirect — switching to unauthenticated mode
2026-05-16 15:52:38 [INFO] scraper.linkedin_jobs: LinkedIn search: https://www.linkedin.com/jobs/search/?keywords=manager+magazin&location=Romania&f_TPR=r2592000&sortBy=DD
2026-05-16 15:52:43 [INFO] scraper.linkedin_jobs: LinkedIn search: https://www.linkedin.com/jobs/search/?keywords=aurora+multimarket&location=Romania&f_TPR=r2592000&sortBy=DD
2026-05-16 15:52:47 [INFO] scraper.linkedin_jobs: LinkedIn: 46 unique jobs found
2026-05-16 15:52:47 [INFO] scraper.linkedin_jobs: Searching eJobs: https://www.ejobs.ro/user/locuri-de-munca/aurora
2026-05-16 15:52:53 [WARNING] scraper.linkedin_jobs: eJobs failed: RetryError[<Future at 0x102a6ca90 state=finished raised HTTPError>]
2026-05-16 15:52:55 [INFO] scraper.linkedin_jobs: Searching BestJobs: https://www.bestjobs.eu/ro/locuri-de-munca?q=aurora+multimarket
2026-05-16 15:52:56 [INFO] scraper.linkedin_jobs: bestjobs: parsed 0 jobs
2026-05-16 15:52:58 [INFO] scraper.linkedin_jobs: Searching Hipo: https://www.hipo.ro/locuri-de-munca/cauta/aurora
2026-05-16 15:52:59 [INFO] scraper.linkedin_jobs: hipo: parsed 0 jobs
2026-05-16 15:53:01 [INFO] scraper.linkedin_jobs: Romanian job boards: 0 jobs total
2026-05-16 15:53:01 [INFO] scraper.linkedin_jobs: Total unique jobs: 46
2026-05-16 21:58:18 [INFO] scraper.linkedin_jobs: LinkedIn search: https://www.linkedin.com/jobs/search/?keywords=store+manager&location=Romania&f_TPR=r2592000&sortBy=DD
2026-05-16 21:58:19 [WARNING] scraper.linkedin_jobs: LinkedIn cookie caused redirect — switching to unauthenticated mode
2026-05-16 21:58:23 [INFO] scraper.linkedin_jobs: LinkedIn search: https://www.linkedin.com/jobs/search/?keywords=manager+magazin&location=Romania&f_TPR=r2592000&sortBy=DD
2026-05-16 21:58:28 [INFO] scraper.linkedin_jobs: LinkedIn search: https://www.linkedin.com/jobs/search/?keywords=aurora+multimarket&location=Romania&f_TPR=r2592000&sortBy=DD
2026-05-16 21:58:33 [INFO] scraper.linkedin_jobs: LinkedIn: 46 unique jobs found
2026-05-16 21:58:33 [INFO] scraper.linkedin_jobs: Searching eJobs: https://www.ejobs.ro/user/locuri-de-munca/aurora
2026-05-16 21:58:38 [WARNING] scraper.linkedin_jobs: eJobs failed: RetryError[<Future at 0x1079dcb90 state=finished raised HTTPError>]
2026-05-16 21:58:40 [INFO] scraper.linkedin_jobs: Searching BestJobs: https://www.bestjobs.eu/ro/locuri-de-munca?q=aurora+multimarket
2026-05-16 21:58:43 [INFO] scraper.linkedin_jobs: bestjobs: parsed 0 jobs
2026-05-16 21:58:45 [INFO] scraper.linkedin_jobs: Searching Hipo: https://www.hipo.ro/locuri-de-munca/cauta/aurora
2026-05-16 21:58:46 [INFO] scraper.linkedin_jobs: hipo: parsed 0 jobs
2026-05-16 21:58:48 [INFO] scraper.linkedin_jobs: Romanian job boards: 0 jobs total
2026-05-16 21:58:48 [INFO] scraper.linkedin_jobs: Total unique jobs: 46
2026-05-17 16:02:12 [INFO] scraper.linkedin_jobs: LinkedIn search: https://www.linkedin.com/jobs/search/?keywords=store+manager&location=Romania&f_TPR=r2592000&sortBy=DD
2026-05-17 16:02:13 [WARNING] scraper.linkedin_jobs: LinkedIn cookie caused redirect — switching to unauthenticated mode
2026-05-17 16:02:18 [INFO] scraper.linkedin_jobs: LinkedIn search: https://www.linkedin.com/jobs/search/?keywords=manager+magazin&location=Romania&f_TPR=r2592000&sortBy=DD
2026-05-17 16:02:23 [INFO] scraper.linkedin_jobs: LinkedIn search: https://www.linkedin.com/jobs/search/?keywords=aurora+multimarket&location=Romania&f_TPR=r2592000&sortBy=DD
2026-05-17 16:02:28 [INFO] scraper.linkedin_jobs: LinkedIn: 47 unique jobs found
2026-05-17 16:02:28 [INFO] scraper.linkedin_jobs: Searching eJobs: https://www.ejobs.ro/user/locuri-de-munca/aurora
2026-05-17 16:02:33 [WARNING] scraper.linkedin_jobs: eJobs failed: RetryError[<Future at 0x102a89f10 state=finished raised HTTPError>]
2026-05-17 16:02:35 [INFO] scraper.linkedin_jobs: Searching BestJobs: https://www.bestjobs.eu/ro/locuri-de-munca?q=aurora+multimarket
2026-05-17 16:02:38 [INFO] scraper.linkedin_jobs: bestjobs: parsed 0 jobs
2026-05-17 16:02:40 [INFO] scraper.linkedin_jobs: Searching Hipo: https://www.hipo.ro/locuri-de-munca/cauta/aurora
2026-05-17 16:02:40 [INFO] scraper.linkedin_jobs: hipo: parsed 0 jobs
2026-05-17 16:02:42 [INFO] scraper.linkedin_jobs: Romanian job boards: 0 jobs total
2026-05-17 16:02:42 [INFO] scraper.linkedin_jobs: Total unique jobs: 47 (0 duplicates removed)
2026-05-17 16:20:40 [INFO] scraper.linkedin_jobs: LinkedIn search: https://www.linkedin.com/jobs/search/?keywords=store+manager&location=Romania&f_TPR=r2592000&sortBy=DD
2026-05-17 16:20:41 [WARNING] scraper.linkedin_jobs: LinkedIn cookie caused redirect — switching to unauthenticated mode
2026-05-17 16:20:46 [INFO] scraper.linkedin_jobs: LinkedIn search: https://www.linkedin.com/jobs/search/?keywords=manager+magazin&location=Romania&f_TPR=r2592000&sortBy=DD
2026-05-17 16:20:51 [INFO] scraper.linkedin_jobs: LinkedIn search: https://www.linkedin.com/jobs/search/?keywords=aurora+multimarket&location=Romania&f_TPR=r2592000&sortBy=DD
2026-05-17 16:20:56 [INFO] scraper.linkedin_jobs: LinkedIn: 27 unique jobs found
2026-05-17 16:20:56 [INFO] scraper.linkedin_jobs: Searching eJobs: https://www.ejobs.ro/user/locuri-de-munca/aurora
2026-05-17 16:21:02 [WARNING] scraper.linkedin_jobs: eJobs failed: RetryError[<Future at 0x102c7c510 state=finished raised HTTPError>]
2026-05-17 16:21:04 [INFO] scraper.linkedin_jobs: Searching BestJobs: https://www.bestjobs.eu/ro/locuri-de-munca?q=aurora+multimarket
2026-05-17 16:21:07 [INFO] scraper.linkedin_jobs: bestjobs: parsed 0 jobs
2026-05-17 16:21:09 [INFO] scraper.linkedin_jobs: Searching Hipo: https://www.hipo.ro/locuri-de-munca/cauta/aurora
2026-05-17 16:21:10 [INFO] scraper.linkedin_jobs: hipo: parsed 0 jobs
2026-05-17 16:21:12 [INFO] scraper.linkedin_jobs: Romanian job boards: 0 jobs total
2026-05-17 16:21:12 [INFO] scraper.linkedin_jobs: Total unique jobs: 27 (0 duplicates removed)
2026-05-17 16:39:05 [INFO] scraper.linkedin_jobs: LinkedIn search: https://www.linkedin.com/jobs/search/?keywords=store+manager&location=Romania&f_TPR=r2592000&sortBy=DD
2026-05-17 16:39:05 [WARNING] scraper.linkedin_jobs: LinkedIn cookie caused redirect — switching to unauthenticated mode
2026-05-17 16:39:10 [INFO] scraper.linkedin_jobs: LinkedIn search: https://www.linkedin.com/jobs/search/?keywords=manager+magazin&location=Romania&f_TPR=r2592000&sortBy=DD
2026-05-17 16:39:15 [INFO] scraper.linkedin_jobs: LinkedIn search: https://www.linkedin.com/jobs/search/?keywords=aurora+multimarket&location=Romania&f_TPR=r2592000&sortBy=DD
2026-05-17 16:39:20 [INFO] scraper.linkedin_jobs: LinkedIn: 47 unique jobs found
2026-05-17 16:39:20 [INFO] scraper.linkedin_jobs: Searching eJobs: https://www.ejobs.ro/user/locuri-de-munca/aurora
2026-05-17 16:39:25 [WARNING] scraper.linkedin_jobs: eJobs failed: RetryError[<Future at 0x118a5cb90 state=finished raised HTTPError>]
2026-05-17 16:39:27 [INFO] scraper.linkedin_jobs: Searching BestJobs: https://www.bestjobs.eu/ro/locuri-de-munca?q=aurora+multimarket
2026-05-17 16:39:30 [INFO] scraper.linkedin_jobs: bestjobs: parsed 0 jobs
2026-05-17 16:39:32 [INFO] scraper.linkedin_jobs: Searching Hipo: https://www.hipo.ro/locuri-de-munca/cauta/aurora
2026-05-17 16:39:36 [INFO] scraper.linkedin_jobs: hipo: parsed 0 jobs
2026-05-17 16:39:38 [INFO] scraper.linkedin_jobs: Romanian job boards: 0 jobs total
2026-05-17 16:39:38 [INFO] scraper.linkedin_jobs: Total unique jobs: 47 (0 duplicates removed)
2026-05-17 17:13:50 [INFO] scraper.linkedin_jobs: LinkedIn search: https://www.linkedin.com/jobs/search/?keywords=store+manager&location=Romania&f_TPR=r2592000&sortBy=DD
2026-05-17 17:13:50 [WARNING] scraper.linkedin_jobs: LinkedIn cookie caused redirect — switching to unauthenticated mode
2026-05-17 17:13:55 [INFO] scraper.linkedin_jobs: LinkedIn search: https://www.linkedin.com/jobs/search/?keywords=manager+magazin&location=Romania&f_TPR=r2592000&sortBy=DD
2026-05-17 17:14:00 [INFO] scraper.linkedin_jobs: LinkedIn search: https://www.linkedin.com/jobs/search/?keywords=aurora+multimarket&location=Romania&f_TPR=r2592000&sortBy=DD
2026-05-17 17:14:04 [INFO] scraper.linkedin_jobs: LinkedIn: 47 unique jobs found
2026-05-17 17:14:04 [INFO] scraper.linkedin_jobs: Searching eJobs: https://www.ejobs.ro/user/locuri-de-munca/aurora
2026-05-17 17:14:09 [WARNING] scraper.linkedin_jobs: eJobs failed: RetryError[<Future at 0x10297bb10 state=finished raised HTTPError>]
2026-05-17 17:14:11 [INFO] scraper.linkedin_jobs: Searching BestJobs: https://www.bestjobs.eu/ro/locuri-de-munca?q=aurora+multimarket
2026-05-17 17:14:14 [INFO] scraper.linkedin_jobs: bestjobs: parsed 0 jobs
2026-05-17 17:14:16 [INFO] scraper.linkedin_jobs: Searching Hipo: https://www.hipo.ro/locuri-de-munca/cauta/aurora
2026-05-17 17:14:16 [INFO] scraper.linkedin_jobs: hipo: parsed 0 jobs
2026-05-17 17:14:18 [INFO] scraper.linkedin_jobs: Romanian job boards: 0 jobs total
2026-05-17 17:14:18 [INFO] scraper.linkedin_jobs: Total unique jobs: 47 (0 duplicates removed)
2026-05-17 19:02:28 [INFO] scraper.linkedin_jobs: LinkedIn search: https://www.linkedin.com/jobs/search/?keywords=store+manager&location=Romania&f_TPR=r2592000&sortBy=DD
2026-05-17 19:02:28 [WARNING] scraper.linkedin_jobs: LinkedIn cookie caused redirect — switching to unauthenticated mode
2026-05-17 19:02:33 [INFO] scraper.linkedin_jobs: LinkedIn search: https://www.linkedin.com/jobs/search/?keywords=manager+magazin&location=Romania&f_TPR=r2592000&sortBy=DD
2026-05-17 19:02:38 [INFO] scraper.linkedin_jobs: LinkedIn search: https://www.linkedin.com/jobs/search/?keywords=aurora+multimarket&location=Romania&f_TPR=r2592000&sortBy=DD
2026-05-17 19:02:42 [INFO] scraper.linkedin_jobs: LinkedIn: 47 unique jobs found
2026-05-17 19:02:42 [INFO] scraper.linkedin_jobs: Searching eJobs: https://www.ejobs.ro/user/locuri-de-munca/aurora
2026-05-17 19:02:48 [WARNING] scraper.linkedin_jobs: eJobs failed: RetryError[<Future at 0x103311e10 state=finished raised HTTPError>]
2026-05-17 19:02:50 [INFO] scraper.linkedin_jobs: Searching BestJobs: https://www.bestjobs.eu/ro/locuri-de-munca?q=aurora+multimarket
2026-05-17 19:02:52 [INFO] scraper.linkedin_jobs: bestjobs: parsed 0 jobs
2026-05-17 19:02:54 [INFO] scraper.linkedin_jobs: Searching Hipo: https://www.hipo.ro/locuri-de-munca/cauta/aurora
2026-05-17 19:02:54 [INFO] scraper.linkedin_jobs: hipo: parsed 0 jobs
2026-05-17 19:02:56 [INFO] scraper.linkedin_jobs: Romanian job boards: 0 jobs total
2026-05-17 19:02:56 [INFO] scraper.linkedin_jobs: Total unique jobs: 47 (0 duplicates removed)
2026-05-17 19:42:17 [INFO] scraper.linkedin_jobs: LinkedIn search: https://www.linkedin.com/jobs/search/?keywords=store+manager&location=Romania&f_TPR=r2592000&sortBy=DD
2026-05-17 19:42:18 [WARNING] scraper.linkedin_jobs: LinkedIn cookie caused redirect — switching to unauthenticated mode
2026-05-17 19:42:23 [INFO] scraper.linkedin_jobs: LinkedIn search: https://www.linkedin.com/jobs/search/?keywords=manager+magazin&location=Romania&f_TPR=r2592000&sortBy=DD
2026-05-17 19:42:28 [INFO] scraper.linkedin_jobs: LinkedIn search: https://www.linkedin.com/jobs/search/?keywords=aurora+multimarket&location=Romania&f_TPR=r2592000&sortBy=DD
2026-05-17 19:42:32 [INFO] scraper.linkedin_jobs: LinkedIn: 47 unique jobs found
2026-05-17 19:42:32 [INFO] scraper.linkedin_jobs: Searching eJobs: https://www.ejobs.ro/user/locuri-de-munca/aurora
2026-05-17 19:42:38 [WARNING] scraper.linkedin_jobs: eJobs failed: RetryError[<Future at 0x1053ad650 state=finished raised HTTPError>]
2026-05-17 19:42:40 [INFO] scraper.linkedin_jobs: Searching BestJobs: https://www.bestjobs.eu/ro/locuri-de-munca?q=aurora+multimarket
2026-05-17 19:42:44 [INFO] scraper.linkedin_jobs: bestjobs: parsed 0 jobs
2026-05-17 19:42:46 [INFO] scraper.linkedin_jobs: Searching Hipo: https://www.hipo.ro/locuri-de-munca/cauta/aurora
2026-05-17 19:42:47 [INFO] scraper.linkedin_jobs: hipo: parsed 0 jobs
2026-05-17 19:42:49 [INFO] scraper.linkedin_jobs: Romanian job boards: 0 jobs total
2026-05-17 19:42:49 [INFO] scraper.linkedin_jobs: Total unique jobs: 47 (0 duplicates removed)
2026-05-17 19:52:59 [INFO] scraper.linkedin_jobs: LinkedIn search: https://www.linkedin.com/jobs/search/?keywords=store+manager&location=Romania&f_TPR=r2592000&sortBy=DD
2026-05-17 19:53:00 [WARNING] scraper.linkedin_jobs: LinkedIn cookie caused redirect — switching to unauthenticated mode
2026-05-17 19:53:04 [INFO] scraper.linkedin_jobs: LinkedIn search: https://www.linkedin.com/jobs/search/?keywords=manager+magazin&location=Romania&f_TPR=r2592000&sortBy=DD
2026-05-17 19:53:09 [INFO] scraper.linkedin_jobs: LinkedIn search: https://www.linkedin.com/jobs/search/?keywords=aurora+multimarket&location=Romania&f_TPR=r2592000&sortBy=DD
2026-05-17 19:53:14 [INFO] scraper.linkedin_jobs: LinkedIn: 47 unique jobs found
2026-05-17 19:53:14 [INFO] scraper.linkedin_jobs: Searching eJobs: https://www.ejobs.ro/user/locuri-de-munca/aurora
2026-05-17 19:53:19 [WARNING] scraper.linkedin_jobs: eJobs failed: RetryError[<Future at 0x1065a3650 state=finished raised HTTPError>]
2026-05-17 19:53:21 [INFO] scraper.linkedin_jobs: Searching BestJobs: https://www.bestjobs.eu/ro/locuri-de-munca?q=aurora+multimarket
2026-05-17 19:53:22 [INFO] scraper.linkedin_jobs: bestjobs: parsed 0 jobs
2026-05-17 19:53:24 [INFO] scraper.linkedin_jobs: Searching Hipo: https://www.hipo.ro/locuri-de-munca/cauta/aurora
2026-05-17 19:53:25 [INFO] scraper.linkedin_jobs: hipo: parsed 0 jobs
2026-05-17 19:53:27 [INFO] scraper.linkedin_jobs: Romanian job boards: 0 jobs total
2026-05-17 19:53:27 [INFO] scraper.linkedin_jobs: Total unique jobs: 47 (0 duplicates removed)
2026-05-17 20:17:12 [INFO] scraper.linkedin_jobs: LinkedIn search: https://www.linkedin.com/jobs/search/?keywords=store+manager&location=Romania&f_TPR=r2592000&sortBy=DD
2026-05-17 20:17:13 [WARNING] scraper.linkedin_jobs: LinkedIn cookie caused redirect — switching to unauthenticated mode
2026-05-17 20:17:18 [INFO] scraper.linkedin_jobs: LinkedIn search: https://www.linkedin.com/jobs/search/?keywords=manager+magazin&location=Romania&f_TPR=r2592000&sortBy=DD
2026-05-17 20:17:22 [INFO] scraper.linkedin_jobs: LinkedIn search: https://www.linkedin.com/jobs/search/?keywords=aurora+multimarket&location=Romania&f_TPR=r2592000&sortBy=DD
2026-05-17 20:17:27 [INFO] scraper.linkedin_jobs: LinkedIn: 47 unique jobs found
2026-05-17 20:17:27 [INFO] scraper.linkedin_jobs: Searching eJobs: https://www.ejobs.ro/user/locuri-de-munca/aurora
2026-05-17 20:17:32 [WARNING] scraper.linkedin_jobs: eJobs failed: RetryError[<Future at 0x102bdb310 state=finished raised HTTPError>]
2026-05-17 20:17:34 [INFO] scraper.linkedin_jobs: Searching BestJobs: https://www.bestjobs.eu/ro/locuri-de-munca?q=aurora+multimarket
2026-05-17 20:17:35 [INFO] scraper.linkedin_jobs: bestjobs: parsed 0 jobs
2026-05-17 20:17:37 [INFO] scraper.linkedin_jobs: Searching Hipo: https://www.hipo.ro/locuri-de-munca/cauta/aurora
2026-05-17 20:17:38 [INFO] scraper.linkedin_jobs: hipo: parsed 0 jobs
2026-05-17 20:17:40 [INFO] scraper.linkedin_jobs: Romanian job boards: 0 jobs total
2026-05-17 20:17:40 [INFO] scraper.linkedin_jobs: Total unique jobs: 47 (0 duplicates removed)
2026-05-17 20:27:38 [INFO] scraper.linkedin_jobs: LinkedIn search: https://www.linkedin.com/jobs/search/?keywords=store+manager&location=Romania&f_TPR=r2592000&sortBy=DD
2026-05-17 20:27:39 [WARNING] scraper.linkedin_jobs: LinkedIn cookie caused redirect — switching to unauthenticated mode
2026-05-17 20:27:44 [INFO] scraper.linkedin_jobs: LinkedIn search: https://www.linkedin.com/jobs/search/?keywords=manager+magazin&location=Romania&f_TPR=r2592000&sortBy=DD
2026-05-17 20:27:48 [INFO] scraper.linkedin_jobs: LinkedIn search: https://www.linkedin.com/jobs/search/?keywords=aurora+multimarket&location=Romania&f_TPR=r2592000&sortBy=DD
2026-05-17 20:27:53 [INFO] scraper.linkedin_jobs: LinkedIn: 47 unique jobs found
2026-05-17 20:27:53 [INFO] scraper.linkedin_jobs: Searching eJobs: https://www.ejobs.ro/user/locuri-de-munca/aurora
2026-05-17 20:27:58 [WARNING] scraper.linkedin_jobs: eJobs failed: RetryError[<Future at 0x10730a4d0 state=finished raised HTTPError>]
2026-05-17 20:28:00 [INFO] scraper.linkedin_jobs: Searching BestJobs: https://www.bestjobs.eu/ro/locuri-de-munca?q=aurora+multimarket
2026-05-17 20:28:02 [INFO] scraper.linkedin_jobs: bestjobs: parsed 0 jobs
2026-05-17 20:28:04 [INFO] scraper.linkedin_jobs: Searching Hipo: https://www.hipo.ro/locuri-de-munca/cauta/aurora
2026-05-17 20:28:04 [INFO] scraper.linkedin_jobs: hipo: parsed 0 jobs
2026-05-17 20:28:06 [INFO] scraper.linkedin_jobs: Romanian job boards: 0 jobs total
2026-05-17 20:28:06 [INFO] scraper.linkedin_jobs: Total unique jobs: 47 (0 duplicates removed)
