2026-06-06 15:17:20 [INFO] scraper.instagram: Starting Apify Instagram scrape for 8 profiles: aurora.multimarket, pepco_ro, pennyromania, profi.ro, kik.romania, tedi_romania_, actionromania, mrdiyRO
2026-06-06 15:17:21 [INFO] scraper.instagram: Apify run started: 2stClhdd0QrhZoBjx
2026-06-06 15:18:46 [INFO] scraper.instagram: Apify Instagram: 23 posts total — Penny: 5, Aurora: 4, Pepco: 3, Profi: 3, : 2, Action: 2, KiK: 2, adeliinna: 1, marisa.paloma: 1
2026-06-06 17:22:22 [INFO] scraper.instagram: Starting Apify Instagram scrape for 8 profiles: aurora.multimarket, pepco_ro, pennyromania, profi.ro, kik.romania, tedi_romania_, actionromania, mrdiyRO
2026-06-06 17:22:23 [INFO] scraper.instagram: Apify run started: 7X4mQqEXXOXX8Savu
2026-06-06 17:22:24 [INFO] scraper.instagram: Starting Apify Instagram scrape for 8 profiles: aurora.multimarket, pepco_ro, pennyromania, profi.ro, kik.romania, tedi_romania_, actionromania, mrdiyRO
2026-06-06 17:22:25 [INFO] scraper.instagram: Apify run started: IxIh85yAcrwe8KmM0
2026-06-06 17:22:58 [INFO] scraper.instagram: Apify Instagram: 23 posts total — Penny: 5, Aurora: 4, Pepco: 3, Profi: 3, : 2, KiK: 2, Action: 2, adeliinna: 1, marisa.paloma: 1
2026-06-06 17:23:06 [INFO] scraper.instagram: Apify Instagram: 23 posts total — Penny: 5, Aurora: 4, Pepco: 3, Profi: 3, Action: 2, : 2, KiK: 2, marisa.paloma: 1, adeliinna: 1
2026-06-06 17:34:11 [INFO] scraper.instagram: Starting Apify Instagram scrape for 8 profiles: aurora.multimarket, pepco_ro, pennyromania, profi.ro, kik.romania, tedi_romania_, actionromania, mrdiyRO
2026-06-06 17:34:11 [INFO] scraper.instagram: Apify run started: oEb2cupyICFLbnft2
2026-06-06 17:35:58 [INFO] scraper.instagram: Apify Instagram: 23 posts total — Penny: 5, Aurora: 4, Pepco: 3, Profi: 3, Action: 2, KiK: 2, : 2, adeliinna: 1, marisa.paloma: 1
2026-06-06 17:41:11 [INFO] scraper.instagram: Starting Apify Instagram scrape for 8 profiles: aurora.multimarket, pepco_ro, pennyromania, profi.ro, kik.romania, tedi_romania_, actionromania, mrdiyRO
2026-06-06 17:41:12 [INFO] scraper.instagram: Apify run started: 21HLt9WLieF3tbvCl
2026-06-06 17:42:06 [INFO] scraper.instagram: Apify Instagram: 23 posts total — Penny: 5, Aurora: 4, Pepco: 3, Profi: 3, : 2, Action: 2, KiK: 2, adeliinna: 1, marisa.paloma: 1
2026-06-06 18:11:19 [INFO] scraper.instagram: Starting Apify Instagram scrape for 8 profiles: aurora.multimarket, pepco_ro, pennyromania, profi.ro, kik.romania, tedi_romania_, actionromania, mrdiyRO
2026-06-06 18:11:19 [INFO] scraper.instagram: Apify run started: b2vLZo4iBfJXusCTS
2026-06-06 18:12:24 [INFO] scraper.instagram: Apify Instagram: 23 posts total — Penny: 5, Aurora: 4, Pepco: 3, Profi: 3, : 2, KiK: 2, Action: 2, marisa.paloma: 1, adeliinna: 1
2026-06-06 18:13:35 [INFO] scraper.instagram: Starting Apify Instagram scrape for 8 profiles: aurora.multimarket, pepco_ro, pennyromania, profi.ro, kik.romania, tedi_romania_, actionromania, mrdiyRO
2026-06-06 18:13:36 [INFO] scraper.instagram: Apify run started: s6TbWJE3LGzOwS553
2026-06-06 18:14:40 [INFO] scraper.instagram: Apify Instagram: 23 posts total — Penny: 5, Aurora: 4, Profi: 3, Pepco: 3, : 2, KiK: 2, Action: 2, marisa.paloma: 1, adeliinna: 1
2026-06-06 18:31:34 [INFO] scraper.instagram: Starting Apify Instagram scrape for 8 profiles: aurora.multimarket, pepco_ro, pennyromania, profi.ro, kik.romania, tedi_romania_, actionromania, mrdiyRO
2026-06-06 18:31:34 [INFO] scraper.instagram: Apify run started: Ndfi7ukAoS5ClvFc7
2026-06-06 18:32:07 [INFO] scraper.instagram: Apify Instagram: 23 posts total — Penny: 5, Aurora: 4, Pepco: 3, Profi: 3, : 2, Action: 2, KiK: 2, adeliinna: 1, marisa.paloma: 1
2026-06-06 18:41:39 [INFO] scraper.instagram: Starting Apify Instagram scrape for 8 profiles: aurora.multimarket, pepco_ro, pennyromania, profi.ro, kik.romania, tedi_romania_, actionromania, mrdiyRO
2026-06-06 18:41:39 [INFO] scraper.instagram: Apify run started: cMIqhGF2jmlVh2pWV
2026-06-06 18:42:33 [INFO] scraper.instagram: Apify Instagram: 23 posts total — Penny: 5, Aurora: 4, Pepco: 3, Profi: 3, : 2, KiK: 2, Action: 2, adeliinna: 1, marisa.paloma: 1
2026-06-06 18:56:51 [INFO] scraper.instagram: Starting Apify Instagram scrape for 8 profiles: aurora.multimarket, pepco_ro, pennyromania, profi.ro, kik.romania, tedi_romania_, actionromania, mrdiyRO
2026-06-06 18:56:51 [INFO] scraper.instagram: Apify run started: Nztdnne8MWrz1q5NE
2026-06-06 18:57:45 [INFO] scraper.instagram: Apify Instagram: 23 posts total — Penny: 5, Aurora: 4, Pepco: 3, Profi: 3, : 2, KiK: 2, Action: 2, adeliinna: 1, marisa.paloma: 1
2026-06-06 18:59:50 [INFO] scraper.instagram: Starting Apify Instagram scrape for 8 profiles: aurora.multimarket, pepco_ro, pennyromania, profi.ro, kik.romania, tedi_romania_, actionromania, mrdiyRO
2026-06-06 18:59:51 [INFO] scraper.instagram: Apify run started: 6ccKJDqPKSH6axQJY
2026-06-06 19:01:06 [INFO] scraper.instagram: Apify Instagram: 23 posts total — Penny: 5, Aurora: 4, Pepco: 3, Profi: 3, : 2, Action: 2, KiK: 2, adeliinna: 1, marisa.paloma: 1
2026-06-07 00:39:01 [INFO] scraper.instagram: Starting Apify Instagram scrape for 8 profiles: aurora.multimarket, pepco_ro, pennyromania, profi.ro, kik.romania, tedi_romania_, actionromania, mrdiyRO
2026-06-07 00:39:01 [INFO] scraper.instagram: Apify run started: 1Oz2DCfGTFPHn4lZx
2026-06-07 00:39:55 [INFO] scraper.instagram: Apify Instagram: 12 posts total — Aurora: 3, : 2, Penny: 2, Profi: 2, Pepco: 1, KiK: 1, Action: 1
2026-06-07 00:40:27 [INFO] scraper.instagram: Starting Apify Instagram scrape for 8 profiles: aurora.multimarket, pepco_ro, pennyromania, profi.ro, kik.romania, tedi_romania_, actionromania, mrdiyRO
2026-06-07 00:40:28 [INFO] scraper.instagram: Apify run started: yyttGZbR1OMao9e6j
2026-06-07 00:41:22 [INFO] scraper.instagram: Apify Instagram: 12 posts total — Aurora: 3, : 2, Profi: 2, Penny: 2, Pepco: 1, KiK: 1, Action: 1
2026-06-07 13:30:01 [INFO] scraper.instagram: Starting Apify Instagram scrape for 8 profiles: aurora.multimarket, pepco_ro, pennyromania, profi.ro, kik.romania, tedi_romania_, actionromania, mrdiyRO
2026-06-07 13:30:01 [INFO] scraper.instagram: Apify run started: 7fc7mHmfemHtrf2PR
2026-06-07 13:31:27 [INFO] scraper.instagram: Apify Instagram: 15 posts total — Aurora: 4, Penny: 3, : 2, Pepco: 2, Profi: 2, KiK: 1, Action: 1
2026-06-07 13:35:51 [INFO] scraper.instagram: Starting Apify Instagram scrape for 8 profiles: aurora.multimarket, pepco_ro, pennyromania, profi.ro, kik.romania, tedi_romania_, actionromania, mrdiyRO
2026-06-07 13:35:51 [INFO] scraper.instagram: Apify run started: 8gnPPNluMhhz7sbp7
2026-06-07 13:36:45 [INFO] scraper.instagram: Apify Instagram: 15 posts total — Aurora: 4, Penny: 3, : 2, Profi: 2, Pepco: 2, Action: 1, KiK: 1
2026-06-07 14:05:59 [INFO] scraper.instagram: Starting Apify Instagram scrape for 8 profiles: aurora.multimarket, pepco_ro, pennyromania, profi.ro, kik.romania, tedi_romania_, actionromania, mrdiyRO
2026-06-07 14:06:00 [INFO] scraper.instagram: Apify run started: LHJTDetKPuke3YCWh
2026-06-07 14:07:13 [INFO] scraper.instagram: Starting Apify Instagram scrape for 8 profiles: aurora.multimarket, pepco_ro, pennyromania, profi.ro, kik.romania, tedi_romania_, actionromania, mrdiyRO
2026-06-07 14:07:13 [INFO] scraper.instagram: Apify run started: OduBTV5FMQAqcDwuP
2026-06-07 14:07:15 [INFO] scraper.instagram: Apify Instagram: 16 posts total — Aurora: 4, Penny: 3, Profi: 2, : 2, KiK: 2, Pepco: 2, Action: 1
2026-06-07 14:08:18 [INFO] scraper.instagram: Apify Instagram: 16 posts total — Aurora: 4, Penny: 3, : 2, Profi: 2, Pepco: 2, KiK: 2, Action: 1
2026-06-07 14:11:23 [INFO] scraper.instagram: Starting Apify Instagram scrape for 8 profiles: aurora.multimarket, pepco_ro, pennyromania, profi.ro, kik.romania, tedi_romania_, actionromania, mrdiyRO
2026-06-07 14:11:24 [INFO] scraper.instagram: Apify run started: cOJ0gdwQGwISgFKjj
2026-06-07 14:11:57 [INFO] scraper.instagram: Apify Instagram: 16 posts total — Aurora: 4, Penny: 3, : 2, KiK: 2, Profi: 2, Pepco: 2, Action: 1
2026-06-07 14:42:24 [INFO] scraper.instagram: Starting Apify Instagram scrape for 8 profiles: aurora.multimarket, pepco_ro, pennyromania, profi.ro, kik.romania, tedi_romania_, actionromania, mrdiyRO
2026-06-07 14:42:24 [INFO] scraper.instagram: Apify run started: HyNhtOqITe784Iwu9
2026-06-07 14:42:45 [INFO] scraper.instagram: Starting Apify Instagram scrape for 8 profiles: aurora.multimarket, pepco_ro, pennyromania, profi.ro, kik.romania, tedi_romania_, actionromania, mrdiyRO
2026-06-07 14:42:45 [INFO] scraper.instagram: Apify run started: gYY5FmsGRQGhchAGW
2026-06-07 14:43:08 [INFO] scraper.instagram: Apify Instagram: 16 posts total — Aurora: 4, Penny: 3, KiK: 2, Profi: 2, Pepco: 2, : 2, Action: 1
2026-06-07 14:43:18 [INFO] scraper.instagram: Apify Instagram: 16 posts total — Aurora: 4, Penny: 3, : 2, KiK: 2, Profi: 2, Pepco: 2, Action: 1
2026-06-07 15:22:52 [INFO] scraper.instagram: Starting Apify Instagram scrape for 8 profiles: aurora.multimarket, pepco_ro, pennyromania, profi.ro, kik.romania, tedi_romania_, actionromania, mrdiyRO
2026-06-07 15:22:53 [INFO] scraper.instagram: Apify run started: ShQr5UcPGKdDhZQZI
2026-06-07 15:23:47 [INFO] scraper.instagram: Apify Instagram: 17 posts total — Penny: 4, Aurora: 4, : 2, Profi: 2, KiK: 2, Pepco: 2, Action: 1
2026-06-07 15:26:52 [INFO] scraper.instagram: Starting Apify Instagram scrape for 8 profiles: aurora.multimarket, pepco_ro, pennyromania, profi.ro, kik.romania, tedi_romania_, actionromania, mrdiyRO
2026-06-07 15:26:52 [INFO] scraper.instagram: Apify run started: wUTr9hgmebUCqhruF
2026-06-07 15:27:46 [INFO] scraper.instagram: Apify Instagram: 17 posts total — Aurora: 4, Penny: 4, : 2, Pepco: 2, Profi: 2, KiK: 2, Action: 1
