2026-05-16 14:40:33 [INFO] storage.sqlite: Database initialized: /Users/sofiyamandryk/Desktop/Aurora_Romania/data/aurora.db
2026-05-16 14:40:33 [INFO] storage.sqlite: Saved 2 stores for snapshot 2026-05-16
2026-05-16 14:40:33 [INFO] storage.sqlite: Loaded 2 stores from snapshot latest
2026-05-16 14:44:19 [INFO] storage.sqlite: Database initialized: /Users/sofiyamandryk/Desktop/Aurora_Romania/data/aurora.db
2026-05-16 14:48:32 [INFO] storage.sqlite: Database initialized: /Users/sofiyamandryk/Desktop/Aurora_Romania/data/aurora.db
2026-05-16 14:48:35 [INFO] storage.sqlite: Saved 62 stores for snapshot 2026-05-16
2026-05-16 14:49:29 [INFO] storage.sqlite: Saved 0 jobs
2026-05-16 14:50:55 [INFO] storage.sqlite: Saved 2 news articles
2026-05-16 14:51:38 [INFO] storage.sqlite: Saved 8 Instagram posts
2026-05-16 14:52:49 [INFO] storage.sqlite: Saved competitor stores: 0 total
2026-05-16 14:52:49 [INFO] storage.sqlite: No previous snapshot found
2026-05-16 14:52:49 [INFO] storage.sqlite: Saved 62 new changes
2026-05-16 14:52:49 [INFO] storage.sqlite: Purged snapshots older than 2026-02-15: 0 rows deleted
2026-05-16 15:16:29 [INFO] storage.sqlite: Database initialized: /Users/sofiyamandryk/Desktop/Aurora_Romania/data/aurora.db
2026-05-16 15:16:33 [INFO] storage.sqlite: Saved 62 stores for snapshot 2026-05-16
2026-05-16 15:17:38 [INFO] storage.sqlite: Saved 0 jobs
2026-05-16 15:19:10 [INFO] storage.sqlite: Saved 2 news articles
2026-05-16 15:20:06 [INFO] storage.sqlite: Saved 8 Instagram posts
2026-05-16 15:21:34 [INFO] storage.sqlite: Saved competitor stores: 0 total
2026-05-16 15:21:34 [INFO] storage.sqlite: No previous snapshot found
2026-05-16 15:21:34 [INFO] storage.sqlite: Saved 62 new changes
2026-05-16 15:24:47 [INFO] storage.sqlite: Database initialized: /Users/sofiyamandryk/Desktop/Aurora_Romania/data/aurora.db
2026-05-16 15:24:56 [INFO] storage.sqlite: Database initialized: /Users/sofiyamandryk/Desktop/Aurora_Romania/data/aurora.db
2026-05-16 15:25:00 [INFO] storage.sqlite: Saved 62 stores for snapshot 2026-05-16
2026-05-16 15:27:07 [INFO] storage.sqlite: Saved 0 jobs
2026-05-16 15:28:23 [INFO] storage.sqlite: Saved 2 news articles
2026-05-16 15:29:17 [INFO] storage.sqlite: Saved 8 Instagram posts
2026-05-16 15:30:50 [INFO] storage.sqlite: Saved competitor stores: 0 total
2026-05-16 15:30:50 [INFO] storage.sqlite: No previous snapshot found
2026-05-16 15:30:50 [INFO] storage.sqlite: Saved 62 new changes
2026-05-16 15:30:50 [INFO] storage.sqlite: Marked 62 changes as alerted
2026-05-16 15:30:50 [INFO] storage.sqlite: Purged snapshots older than 2026-02-15: 0 rows deleted
2026-05-16 15:40:15 [INFO] storage.sqlite: Database initialized: /Users/sofiyamandryk/Desktop/Aurora_Romania/data/aurora.db
2026-05-16 15:40:18 [INFO] storage.sqlite: Saved 62 stores for snapshot 2026-05-16
2026-05-16 15:41:27 [INFO] storage.sqlite: Saved 0 jobs
2026-05-16 15:44:06 [INFO] storage.sqlite: Saved 2 news articles
2026-05-16 15:44:51 [INFO] storage.sqlite: Saved 8 Instagram posts
2026-05-16 15:46:05 [INFO] storage.sqlite: Saved competitor stores: 0 total
2026-05-16 15:46:05 [INFO] storage.sqlite: No previous snapshot found
2026-05-16 15:46:05 [INFO] storage.sqlite: Saved 62 new changes
2026-05-16 15:46:05 [INFO] storage.sqlite: Marked 62 changes as alerted
2026-05-16 15:46:06 [INFO] storage.sqlite: Purged snapshots older than 2026-02-15: 0 rows deleted
2026-05-16 15:52:29 [INFO] storage.sqlite: Database initialized: /Users/sofiyamandryk/Desktop/Aurora_Romania/data/aurora.db
2026-05-16 15:52:33 [INFO] storage.sqlite: Saved 62 stores for snapshot 2026-05-16
2026-05-16 15:53:01 [INFO] storage.sqlite: Saved 46 jobs
2026-05-16 15:54:21 [INFO] storage.sqlite: Saved 2 news articles
2026-05-16 15:55:06 [INFO] storage.sqlite: Saved 8 Instagram posts
2026-05-16 15:56:50 [INFO] storage.sqlite: Saved competitor stores: 0 total
2026-05-16 15:56:50 [INFO] storage.sqlite: No previous snapshot found
2026-05-16 15:56:50 [INFO] storage.sqlite: Saved 68 new changes
2026-05-16 15:56:50 [INFO] storage.sqlite: Marked 68 changes as alerted
2026-05-16 15:56:50 [INFO] storage.sqlite: Purged snapshots older than 2026-02-15: 0 rows deleted
2026-05-16 16:12:05 [INFO] storage.sqlite: Database initialized: /Users/sofiyamandryk/Desktop/Aurora_Romania/data/aurora.db
2026-05-16 16:12:09 [INFO] storage.sqlite: No previous snapshot found
2026-05-16 21:58:14 [INFO] storage.sqlite: Database initialized: /Users/sofiyamandryk/Desktop/Aurora_Romania/data/aurora.db
2026-05-16 21:58:18 [INFO] storage.sqlite: Saved 62 stores for snapshot 2026-05-16
2026-05-16 21:58:48 [INFO] storage.sqlite: Saved 46 jobs
2026-05-16 22:00:17 [INFO] storage.sqlite: Saved 2 news articles
2026-05-16 22:00:53 [INFO] storage.sqlite: Saved 8 Instagram posts
2026-05-16 22:02:08 [INFO] storage.sqlite: Saved competitor stores: 0 total
2026-05-16 22:02:08 [INFO] storage.sqlite: No previous snapshot found
2026-05-16 22:02:08 [INFO] storage.sqlite: Saved 68 new changes
2026-05-16 22:02:08 [INFO] storage.sqlite: Marked 68 changes as alerted
2026-05-16 22:02:09 [INFO] storage.sqlite: Purged snapshots older than 2026-02-15: 0 rows deleted
2026-05-16 22:57:42 [INFO] storage.sqlite: Database initialized: /Users/sofiyamandryk/Desktop/Aurora_Romania/data/aurora.db
2026-05-16 22:57:42 [INFO] storage.sqlite: Loaded 62 stores from snapshot latest
2026-05-16 23:09:01 [INFO] storage.sqlite: Database initialized: /Users/sofiyamandryk/Desktop/Aurora_Romania/data/aurora.db
2026-05-16 23:09:01 [INFO] storage.sqlite: Loaded 62 stores from snapshot latest
2026-05-16 23:09:14 [INFO] storage.sqlite: No previous snapshot found
2026-05-16 23:14:07 [INFO] storage.sqlite: Saved 2 news articles
2026-05-16 23:14:07 [INFO] storage.sqlite: No previous snapshot found
2026-05-16 23:14:08 [INFO] storage.sqlite: Saved 68 new changes
2026-05-16 23:14:08 [INFO] storage.sqlite: Marked 68 changes as alerted
2026-05-16 23:14:08 [INFO] storage.sqlite: Purged snapshots older than 2026-02-15: 0 rows deleted
2026-05-16 23:33:45 [INFO] storage.sqlite: Database initialized: /Users/sofiyamandryk/Desktop/Aurora_Romania/data/aurora.db
2026-05-16 23:33:45 [INFO] storage.sqlite: Loaded 62 stores from snapshot latest
2026-05-16 23:38:41 [INFO] storage.sqlite: No previous snapshot found
2026-05-17 00:23:38 [INFO] storage.sqlite: Migration: added column stores.county
2026-05-17 00:23:38 [INFO] storage.sqlite: Migration: added column stores.county_code
2026-05-17 00:23:38 [INFO] storage.sqlite: Migration: added column stores.region
2026-05-17 00:23:38 [INFO] storage.sqlite: Database initialized: /Users/sofiyamandryk/Desktop/Aurora_Romania/data/aurora.db
2026-05-17 00:23:38 [INFO] storage.sqlite: Loaded 62 stores from snapshot latest
2026-05-17 00:23:43 [INFO] storage.sqlite: Database initialized: /Users/sofiyamandryk/Desktop/Aurora_Romania/data/aurora.db
2026-05-17 00:24:19 [INFO] storage.sqlite: Database initialized: /Users/sofiyamandryk/Desktop/Aurora_Romania/data/aurora.db
2026-05-17 00:24:19 [INFO] storage.sqlite: Saved competitor stores: 755 total
2026-05-17 00:24:19 [INFO] storage.sqlite: Loaded 62 stores from snapshot latest
2026-05-17 00:24:25 [INFO] storage.sqlite: Database initialized: /Users/sofiyamandryk/Desktop/Aurora_Romania/data/aurora.db
2026-05-17 00:24:25 [INFO] storage.sqlite: Loaded 62 stores from snapshot latest
2026-05-17 00:24:38 [INFO] storage.sqlite: Database initialized: /Users/sofiyamandryk/Desktop/Aurora_Romania/data/aurora.db
2026-05-17 00:24:38 [INFO] storage.sqlite: Loaded 62 stores from snapshot latest
2026-05-17 00:26:44 [INFO] storage.sqlite: Database initialized: /Users/sofiyamandryk/Desktop/Aurora_Romania/data/aurora.db
2026-05-17 00:26:44 [INFO] storage.sqlite: Loaded 62 stores from snapshot latest
2026-05-17 00:27:20 [INFO] storage.sqlite: No previous snapshot found
2026-05-17 00:29:22 [INFO] storage.sqlite: No previous snapshot found
2026-05-17 14:49:12 [INFO] storage.sqlite: Migration: added column jobs.canonical_job_id
2026-05-17 14:49:12 [INFO] storage.sqlite: Database initialized: /Users/sofiyamandryk/Desktop/Aurora_Romania/data/aurora.db
2026-05-17 14:49:18 [INFO] storage.sqlite: Database initialized: /Users/sofiyamandryk/Desktop/Aurora_Romania/data/aurora.db
2026-05-17 14:49:18 [INFO] storage.sqlite: Loaded 62 stores from snapshot latest
2026-05-17 14:51:38 [INFO] storage.sqlite: Database initialized: /Users/sofiyamandryk/Desktop/Aurora_Romania/data/aurora.db
2026-05-17 14:51:38 [INFO] storage.sqlite: Loaded 62 stores from snapshot latest
2026-05-17 14:51:38 [INFO] storage.sqlite: No previous snapshot found
2026-05-17 15:04:22 [INFO] storage.sqlite: Migration: added column instagram_posts.brand
2026-05-17 15:04:22 [INFO] storage.sqlite: Migration: added column instagram_posts.signal_category
2026-05-17 15:04:22 [INFO] storage.sqlite: Migration: added column instagram_posts.company
2026-05-17 15:04:22 [INFO] storage.sqlite: Database initialized: /Users/sofiyamandryk/Desktop/Aurora_Romania/data/aurora.db
2026-05-17 15:44:40 [INFO] storage.sqlite: Migration: added column instagram_posts.signal_type
2026-05-17 15:44:40 [INFO] storage.sqlite: Migration: added column instagram_posts.signal_score
2026-05-17 15:44:40 [INFO] storage.sqlite: Migration: added column instagram_posts.detected_malls
2026-05-17 15:44:40 [INFO] storage.sqlite: Migration: added column instagram_posts.detected_locations
2026-05-17 15:44:40 [INFO] storage.sqlite: Migration: added column instagram_posts.detected_companies
2026-05-17 15:44:40 [INFO] storage.sqlite: Migration: added column instagram_posts.reason
2026-05-17 15:44:40 [INFO] storage.sqlite: Database initialized: /Users/sofiyamandryk/Desktop/Aurora_Romania/data/aurora.db
2026-05-17 16:02:09 [INFO] storage.sqlite: Database initialized: /Users/sofiyamandryk/Desktop/Aurora_Romania/data/aurora.db
2026-05-17 16:08:33 [INFO] storage.sqlite: No previous snapshot found
2026-05-17 16:20:37 [INFO] storage.sqlite: Database initialized: /Users/sofiyamandryk/Desktop/Aurora_Romania/data/aurora.db
2026-05-17 16:27:08 [INFO] storage.sqlite: No previous snapshot found
2026-05-17 16:39:02 [INFO] storage.sqlite: Database initialized: /Users/sofiyamandryk/Desktop/Aurora_Romania/data/aurora.db
2026-05-17 16:39:05 [INFO] storage.sqlite: Saved 62 stores for snapshot 2026-05-17
2026-05-17 16:39:38 [INFO] storage.sqlite: Saved 47 new jobs (of 47 provided)
2026-05-17 16:43:32 [INFO] storage.sqlite: Saved 59 news articles
2026-05-17 16:43:50 [INFO] storage.sqlite: Saved 48 Instagram posts
2026-05-17 16:45:13 [INFO] storage.sqlite: Saved competitor stores: 755 total
2026-05-17 16:45:13 [INFO] storage.sqlite: Loaded 62 stores from snapshot 2026-05-16
2026-05-17 16:45:13 [INFO] storage.sqlite: Saved 22 new changes
2026-05-17 16:45:29 [INFO] storage.sqlite: Marked 17 changes as alerted
2026-05-17 16:45:34 [INFO] storage.sqlite: Purged snapshots older than 2026-02-16: 0 rows deleted
2026-05-17 16:48:53 [INFO] storage.sqlite: Database initialized: /Users/sofiyamandryk/Desktop/Aurora_Romania/data/aurora.db
2026-05-17 16:48:53 [INFO] storage.sqlite: Loaded 62 stores from snapshot latest
2026-05-17 17:00:15 [INFO] storage.sqlite: Database initialized: /Users/sofiyamandryk/Desktop/Aurora_Romania/data/aurora.db
2026-05-17 17:00:15 [INFO] storage.sqlite: Loaded 62 stores from snapshot latest
2026-05-17 17:01:15 [INFO] storage.sqlite: Database initialized: /Users/sofiyamandryk/Desktop/Aurora_Romania/data/aurora.db
2026-05-17 17:01:15 [INFO] storage.sqlite: Loaded 62 stores from snapshot latest
2026-05-17 17:01:30 [INFO] storage.sqlite: Database initialized: /Users/sofiyamandryk/Desktop/Aurora_Romania/data/aurora.db
2026-05-17 17:01:30 [INFO] storage.sqlite: Loaded 62 stores from snapshot latest
2026-05-17 17:04:27 [INFO] storage.sqlite: Database initialized: /Users/sofiyamandryk/Desktop/Aurora_Romania/data/aurora.db
2026-05-17 17:04:27 [INFO] storage.sqlite: Loaded 62 stores from snapshot latest
2026-05-17 17:13:46 [INFO] storage.sqlite: Database initialized: /Users/sofiyamandryk/Desktop/Aurora_Romania/data/aurora.db
2026-05-17 17:13:50 [INFO] storage.sqlite: Saved 62 stores for snapshot 2026-05-17
2026-05-17 17:14:18 [INFO] storage.sqlite: Saved 0 new jobs (of 47 provided)
2026-05-17 17:19:04 [INFO] storage.sqlite: Saved 58 news articles
2026-05-17 17:19:20 [INFO] storage.sqlite: Saved 48 Instagram posts
2026-05-17 17:20:55 [INFO] storage.sqlite: Saved competitor stores: 755 total
2026-05-17 17:20:55 [INFO] storage.sqlite: Loaded 62 stores from snapshot 2026-05-16
2026-05-17 17:20:55 [INFO] storage.sqlite: Saved 15 new changes
2026-05-17 17:21:07 [INFO] storage.sqlite: Marked 3 changes as alerted
2026-05-17 17:21:16 [INFO] storage.sqlite: Purged snapshots older than 2026-02-16: 0 rows deleted
2026-05-17 18:35:39 [INFO] storage.sqlite: Loaded 62 stores from snapshot latest
2026-05-17 18:37:49 [INFO] storage.sqlite: Loaded 62 stores from snapshot latest
2026-05-17 18:38:20 [INFO] storage.sqlite: Loaded 62 stores from snapshot latest
2026-05-17 18:38:47 [INFO] storage.sqlite: Loaded 62 stores from snapshot latest
2026-05-17 18:40:11 [INFO] storage.sqlite: Loaded 62 stores from snapshot latest
2026-05-17 18:41:36 [INFO] storage.sqlite: Loaded 62 stores from snapshot latest
2026-05-17 18:42:36 [INFO] storage.sqlite: Loaded 62 stores from snapshot latest
2026-05-17 18:43:47 [INFO] storage.sqlite: Loaded 62 stores from snapshot latest
2026-05-17 18:44:29 [INFO] storage.sqlite: Loaded 62 stores from snapshot latest
2026-05-17 18:44:53 [INFO] storage.sqlite: Loaded 62 stores from snapshot latest
2026-05-17 19:02:25 [INFO] storage.sqlite: Database initialized: /Users/sofiyamandryk/Desktop/Aurora_Romania/data/aurora.db
2026-05-17 19:02:28 [INFO] storage.sqlite: Saved 62 stores for snapshot 2026-05-17
2026-05-17 19:02:56 [INFO] storage.sqlite: Saved 0 new jobs (of 47 provided)
2026-05-17 19:07:47 [INFO] storage.sqlite: Saved 60 news articles
2026-05-17 19:08:03 [INFO] storage.sqlite: Saved 48 Instagram posts
2026-05-17 19:09:38 [INFO] storage.sqlite: Saved competitor stores: 755 total
2026-05-17 19:09:38 [INFO] storage.sqlite: Loaded 62 stores from snapshot 2026-05-16
2026-05-17 19:09:38 [INFO] storage.sqlite: Saved 14 new changes
2026-05-17 19:09:56 [INFO] storage.sqlite: Marked 3 changes as alerted
2026-05-17 19:10:11 [INFO] storage.sqlite: Purged snapshots older than 2026-02-16: 0 rows deleted
2026-05-17 19:42:13 [INFO] storage.sqlite: Database initialized: /Users/sofiyamandryk/Desktop/Aurora_Romania/data/aurora.db
2026-05-17 19:42:17 [INFO] storage.sqlite: Saved 62 stores for snapshot 2026-05-17
2026-05-17 19:42:49 [INFO] storage.sqlite: Saved 0 new jobs (of 47 provided)
2026-05-17 19:47:30 [INFO] storage.sqlite: Saved 56 news articles
2026-05-17 19:47:48 [INFO] storage.sqlite: Saved 48 Instagram posts
2026-05-17 19:49:26 [INFO] storage.sqlite: Saved competitor stores: 755 total
2026-05-17 19:49:26 [INFO] storage.sqlite: Loaded 62 stores from snapshot 2026-05-16
2026-05-17 19:49:26 [INFO] storage.sqlite: Saved 21 new changes
2026-05-17 19:52:55 [INFO] storage.sqlite: Database initialized: /Users/sofiyamandryk/Desktop/Aurora_Romania/data/aurora.db
2026-05-17 19:52:59 [INFO] storage.sqlite: Saved 62 stores for snapshot 2026-05-17
2026-05-17 19:53:27 [INFO] storage.sqlite: Saved 0 new jobs (of 47 provided)
2026-05-17 19:59:39 [INFO] storage.sqlite: Saved 52 news articles
2026-05-17 19:59:55 [INFO] storage.sqlite: Saved 48 Instagram posts
2026-05-17 20:01:29 [INFO] storage.sqlite: Saved competitor stores: 755 total
2026-05-17 20:01:29 [INFO] storage.sqlite: Loaded 62 stores from snapshot 2026-05-16
2026-05-17 20:01:29 [INFO] storage.sqlite: Saved 25 new changes
2026-05-17 20:02:32 [INFO] storage.sqlite: Purged snapshots older than 2026-02-16: 0 rows deleted
2026-05-17 20:17:09 [INFO] storage.sqlite: Database initialized: /Users/sofiyamandryk/Desktop/Aurora_Romania/data/aurora.db
2026-05-17 20:17:12 [INFO] storage.sqlite: Saved 62 stores for snapshot 2026-05-17
2026-05-17 20:17:40 [INFO] storage.sqlite: Saved 0 new jobs (of 47 provided)
2026-05-17 20:24:25 [INFO] storage.sqlite: Saved 62 news articles
2026-05-17 20:24:42 [INFO] storage.sqlite: Saved 48 Instagram posts
2026-05-17 20:26:05 [INFO] storage.sqlite: Saved competitor stores: 755 total
2026-05-17 20:26:05 [INFO] storage.sqlite: Loaded 62 stores from snapshot 2026-05-16
2026-05-17 20:26:05 [INFO] storage.sqlite: Saved 18 new changes
2026-05-17 20:27:02 [INFO] storage.sqlite: Purged snapshots older than 2026-02-16: 0 rows deleted
2026-05-17 20:27:35 [INFO] storage.sqlite: Database initialized: /Users/sofiyamandryk/Desktop/Aurora_Romania/data/aurora.db
2026-05-17 20:27:38 [INFO] storage.sqlite: Saved 62 stores for snapshot 2026-05-17
2026-05-17 20:28:06 [INFO] storage.sqlite: Saved 0 new jobs (of 47 provided)
2026-05-17 20:31:59 [INFO] storage.sqlite: Saved 60 news articles
2026-05-17 20:32:15 [INFO] storage.sqlite: Saved 48 Instagram posts
2026-05-17 20:33:50 [INFO] storage.sqlite: Saved competitor stores: 755 total
2026-05-17 20:33:50 [INFO] storage.sqlite: Loaded 62 stores from snapshot 2026-05-16
2026-05-17 20:33:50 [INFO] storage.sqlite: Saved 18 new changes
2026-05-17 20:35:11 [INFO] storage.sqlite: Purged snapshots older than 2026-02-16: 0 rows deleted
